<?xml version="1.0" encoding="UTF-8"?>
<!-- Generated by org.testng.reporters.JUnitReportReporter -->
<testsuite hostname="SenthilKumar" failures="0" tests="2" name="dsalgo_stepdefinition.TestRunner" time="2.579" errors="1" timestamp="2024-04-26T14:48:41 EDT" skipped="0">
  <testcase classname="dsalgo_stepdefinition.TestRunner" name="runScenario" time="2.516">
    <error message="class dsalgo_stepdefinition.DSalgoHomePage (in unnamed module @0x2cbb3d47) cannot access class jdk.internal.org.jline.utils.Log (in module jdk.internal.le) because module jdk.internal.le does not export jdk.internal.org.jline.utils to unnamed module @0x2cbb3d47" type="java.lang.IllegalAccessError">
      <![CDATA[java.lang.IllegalAccessError: class dsalgo_stepdefinition.DSalgoHomePage (in unnamed module @0x2cbb3d47) cannot access class jdk.internal.org.jline.utils.Log (in module jdk.internal.le) because module jdk.internal.le does not export jdk.internal.org.jline.utils to unnamed module @0x2cbb3d47
at dsalgo_stepdefinition.DSalgoHomePage.user_should_be_landed_on_the_data_structure_page(DSalgoHomePage.java:59)
at ✽.User should be landed on the data structure page with title "NumpyNinja"(file:///C:/Users/senth/eclipse-workspace/Ds-Algo/src/test/resources/features/ABS01_DsalgoHomePage.feature:28)
]]>
    </error>
  </testcase> <!-- runScenario -->
  <testcase classname="dsalgo_stepdefinition.TestRunner" name="runScenario" time="0.063"/>
</testsuite> <!-- dsalgo_stepdefinition.TestRunner -->
