<?xml version="1.0" encoding="UTF-8"?>
<!-- Generated by org.testng.reporters.JUnitXMLReporter -->
<testsuite ignored="0" hostname="SenthilKumar" failures="23" tests="23" name="Surefire test" time="3.404" errors="0" timestamp="2024-05-16T23:30:25 EDT">
  <testcase classname="io.cucumber.testng.AbstractTestNGCucumberTests" name="runScenario" time="0.365">
    <failure type="java.lang.NullPointerException" message="Cannot invoke &amp;quot;org.openqa.selenium.WebDriver.getTitle()&amp;quot; because &amp;quot;this.driver&amp;quot; is null">
      <![CDATA[java.lang.NullPointerException: Cannot invoke "org.openqa.selenium.WebDriver.getTitle()" because "this.driver" is null
at dsalgoPOM.GetStartedPage.getpageTitle(GetStartedPage.java:29)
at dsalgo_stepdefinition.DSalgoGetStartedPage.user_is_on_the_get_started_page(DSalgoGetStartedPage.java:35)
at ✽.User is on the Get Started Page(file:///C:/Users/senth/AutomationRepo/Ds-Algo/src/test/resources/features/ABS02_DSalgoGetStartedPage.feature:4)
]]>
    </failure>
  </testcase> <!-- runScenario -->
  <testcase classname="io.cucumber.testng.AbstractTestNGCucumberTests" name="runScenario" time="0.368">
    <failure type="java.lang.NullPointerException" message="Cannot invoke &amp;quot;org.openqa.selenium.WebDriver.findElement(org.openqa.selenium.By)&amp;quot; because &amp;quot;this.driver&amp;quot; is null">
      <![CDATA[java.lang.NullPointerException: Cannot invoke "org.openqa.selenium.WebDriver.findElement(org.openqa.selenium.By)" because "this.driver" is null
at dsalgoPOM.LoginInpage.clicksign_in(LoginInpage.java:26)
at dsalgo_stepdefinition.DSalgoLoginInpage.user_lands_on_ds_algo_dign_in_page(DSalgoLoginInpage.java:94)
at ✽.user lands on DS Algo Sign in page(file:///C:/Users/senth/AutomationRepo/Ds-Algo/src/test/resources/features/ABS04_DSalgoSignIn.feature:33)
]]>
    </failure>
  </testcase> <!-- runScenario -->
  <testcase classname="io.cucumber.testng.AbstractTestNGCucumberTests" name="runScenario" time="0.374">
    <failure type="java.lang.NullPointerException" message="Cannot invoke &amp;quot;org.openqa.selenium.WebDriver.getTitle()&amp;quot; because &amp;quot;this.driver&amp;quot; is null">
      <![CDATA[java.lang.NullPointerException: Cannot invoke "org.openqa.selenium.WebDriver.getTitle()" because "this.driver" is null
at dsalgoPOM.GetStartedPage.getpageTitle(GetStartedPage.java:29)
at dsalgo_stepdefinition.DSalgoGetStartedPage.user_is_on_the_Get_started_page(DSalgoGetStartedPage.java:53)
at ✽.user is on the Get Started Page(file:///C:/Users/senth/AutomationRepo/Ds-Algo/src/test/resources/features/ABS02_DSalgoGetStartedPage.feature:15)
]]>
    </failure>
  </testcase> <!-- runScenario -->
  <testcase classname="io.cucumber.testng.AbstractTestNGCucumberTests" name="runScenario" time="0.372">
    <failure type="java.lang.NullPointerException" message="Cannot invoke &amp;quot;org.openqa.selenium.WebDriver.findElement(org.openqa.selenium.By)&amp;quot; because &amp;quot;this.driver&amp;quot; is null">
      <![CDATA[java.lang.NullPointerException: Cannot invoke "org.openqa.selenium.WebDriver.findElement(org.openqa.selenium.By)" because "this.driver" is null
at dsalgoPOM.LoginInpage.clicksign_in(LoginInpage.java:26)
at dsalgo_stepdefinition.DSalgoLoginInpage.the_user_lands_on_ds_algo_dign_in_page(DSalgoLoginInpage.java:122)
at ✽.The  user land on DS Algo Sign in page(file:///C:/Users/senth/AutomationRepo/Ds-Algo/src/test/resources/features/ABS04_DSalgoSignIn.feature:48)
]]>
    </failure>
  </testcase> <!-- runScenario -->
  <testcase classname="io.cucumber.testng.AbstractTestNGCucumberTests" name="runScenario" time="0.375">
    <failure type="java.lang.NullPointerException" message="Cannot invoke &amp;quot;org.openqa.selenium.WebDriver.getTitle()&amp;quot; because &amp;quot;this.driver&amp;quot; is null">
      <![CDATA[java.lang.NullPointerException: Cannot invoke "org.openqa.selenium.WebDriver.getTitle()" because "this.driver" is null
at dsalgoPOM.TreePage.getpageTitle(TreePage.java:73)
at dsalgo_stepdefinition.DSalgoTreePage.user_is_on_dalgo_homepage_and_verify_the_page_title_row_number(DSalgoTreePage.java:24)
at ✽.USER is on Dalgo homepage  and verify the page title(file:///C:/Users/senth/AutomationRepo/Ds-Algo/src/test/resources/features/ABS10_DSalgoTreePage.feature:8)
]]>
    </failure>
  </testcase> <!-- runScenario -->
  <testcase classname="io.cucumber.testng.AbstractTestNGCucumberTests" name="runScenario" time="0.373">
    <failure type="java.lang.NullPointerException" message="Cannot invoke &amp;quot;org.openqa.selenium.WebDriver.findElement(org.openqa.selenium.By)&amp;quot; because &amp;quot;this.driver&amp;quot; is null">
      <![CDATA[java.lang.NullPointerException: Cannot invoke "org.openqa.selenium.WebDriver.findElement(org.openqa.selenium.By)" because "this.driver" is null
at dsalgoPOM.TreePage.overviewclickbtn(TreePage.java:114)
at dsalgo_stepdefinition.DSalgoTreePage.user_is_on_overview_of_trees_page_and_verify_the_pagetitle(DSalgoTreePage.java:40)
at ✽.User is on Overview of trees page and verify the pagetitle(file:///C:/Users/senth/AutomationRepo/Ds-Algo/src/test/resources/features/ABS10_DSalgoTreePage.feature:27)
]]>
    </failure>
  </testcase> <!-- runScenario -->
  <testcase classname="io.cucumber.testng.AbstractTestNGCucumberTests" name="runScenario" time="0.368">
    <failure type="java.lang.NullPointerException" message="Cannot invoke &amp;quot;org.openqa.selenium.WebDriver.findElement(org.openqa.selenium.By)&amp;quot; because &amp;quot;this.driver&amp;quot; is null">
      <![CDATA[java.lang.NullPointerException: Cannot invoke "org.openqa.selenium.WebDriver.findElement(org.openqa.selenium.By)" because "this.driver" is null
at dsalgoPOM.LoginInpage.clicksign_in(LoginInpage.java:26)
at dsalgo_stepdefinition.DSalgoLoginInpage.user_is_on_ds_algo_sign_in_page3(DSalgoLoginInpage.java:70)
at ✽.user is on  DS Algo Sign in Page(file:///C:/Users/senth/AutomationRepo/Ds-Algo/src/test/resources/features/ABS04_DSalgoSignIn.feature:23)
]]>
    </failure>
  </testcase> <!-- runScenario -->
  <testcase classname="io.cucumber.testng.AbstractTestNGCucumberTests" name="runScenario" time="0.368">
    <failure type="java.lang.NullPointerException" message="Cannot invoke &amp;quot;org.openqa.selenium.WebDriver.findElement(org.openqa.selenium.By)&amp;quot; because &amp;quot;this.driver&amp;quot; is null">
      <![CDATA[java.lang.NullPointerException: Cannot invoke "org.openqa.selenium.WebDriver.findElement(org.openqa.selenium.By)" because "this.driver" is null
at dsalgoPOM.LoginInpage.clicksign_in(LoginInpage.java:26)
at dsalgo_stepdefinition.DSalgoLoginInpage.user_is_on_the_ds_algo_sign_in_page2(DSalgoLoginInpage.java:46)
at ✽.user is on the DS Algo Sign in Page(file:///C:/Users/senth/AutomationRepo/Ds-Algo/src/test/resources/features/ABS04_DSalgoSignIn.feature:13)
]]>
    </failure>
  </testcase> <!-- runScenario -->
  <testcase classname="io.cucumber.testng.AbstractTestNGCucumberTests" name="runScenario" time="0.382">
    <failure type="java.lang.NullPointerException" message="Cannot invoke &amp;quot;org.openqa.selenium.WebDriver.findElement(org.openqa.selenium.By)&amp;quot; because &amp;quot;this.driver&amp;quot; is null">
      <![CDATA[java.lang.NullPointerException: Cannot invoke "org.openqa.selenium.WebDriver.findElement(org.openqa.selenium.By)" because "this.driver" is null
at dsalgoPOM.LoginInpage.clicksign_in(LoginInpage.java:26)
at dsalgo_stepdefinition.DSalgoLoginInpage.the_user_is_on_the_ds_algo_sign_in_page(DSalgoLoginInpage.java:28)
at ✽.The user is on the DS Algo Sign in Page(file:///C:/Users/senth/AutomationRepo/Ds-Algo/src/test/resources/features/ABS04_DSalgoSignIn.feature:7)
]]>
    </failure>
  </testcase> <!-- runScenario -->
  <testcase classname="io.cucumber.testng.AbstractTestNGCucumberTests" name="runScenario" time="0.043">
    <failure type="java.lang.NullPointerException" message="Cannot invoke &amp;quot;org.openqa.selenium.WebDriver.findElement(org.openqa.selenium.By)&amp;quot; because &amp;quot;this.driver&amp;quot; is null">
      <![CDATA[java.lang.NullPointerException: Cannot invoke "org.openqa.selenium.WebDriver.findElement(org.openqa.selenium.By)" because "this.driver" is null
at dsalgoPOM.TreePage.terminologiesBtn(TreePage.java:174)
at dsalgo_stepdefinition.DSalgoTreePage.user_is_on_terminologies_page_and_verify_the_pagetitle(DSalgoTreePage.java:86)
at ✽.User is on Terminologies page and verify the pagetitle(file:///C:/Users/senth/AutomationRepo/Ds-Algo/src/test/resources/features/ABS10_DSalgoTreePage.feature:37)
]]>
    </failure>
  </testcase> <!-- runScenario -->
  <testcase classname="io.cucumber.testng.AbstractTestNGCucumberTests" name="runScenario" time="0.054">
    <failure type="java.lang.NullPointerException" message="Cannot invoke &amp;quot;org.openqa.selenium.WebDriver.findElement(org.openqa.selenium.By)&amp;quot; because &amp;quot;this.driver&amp;quot; is null">
      <![CDATA[java.lang.NullPointerException: Cannot invoke "org.openqa.selenium.WebDriver.findElement(org.openqa.selenium.By)" because "this.driver" is null
at dsalgoPOM.TreePage.traversalillustrationbtn(TreePage.java:183)
at dsalgo_stepdefinition.DSalgoTreePage.user_is_on_traversals_illustrations_page_and_verify_the_pagetitle(DSalgoTreePage.java:122)
at ✽.User is on Traversals Illustrations page and verify the pagetitle(file:///C:/Users/senth/AutomationRepo/Ds-Algo/src/test/resources/features/ABS10_DSalgoTreePage.feature:67)
]]>
    </failure>
  </testcase> <!-- runScenario -->
  <testcase classname="io.cucumber.testng.AbstractTestNGCucumberTests" name="runScenario" time="0.056">
    <failure type="java.lang.NullPointerException" message="Cannot invoke &amp;quot;org.openqa.selenium.WebDriver.findElement(org.openqa.selenium.By)&amp;quot; because &amp;quot;this.driver&amp;quot; is null">
      <![CDATA[java.lang.NullPointerException: Cannot invoke "org.openqa.selenium.WebDriver.findElement(org.openqa.selenium.By)" because "this.driver" is null
at dsalgoPOM.TreePage.typesofbinarybtn(TreePage.java:189)
at dsalgo_stepdefinition.DSalgoTreePage.user_is_on_types_of_binary_trees_page_and_verify_the_pagetitle(DSalgoTreePage.java:146)
at ✽.User is on Types of Binary Trees page and verify the pagetitle(file:///C:/Users/senth/AutomationRepo/Ds-Algo/src/test/resources/features/ABS10_DSalgoTreePage.feature:89)
]]>
    </failure>
  </testcase> <!-- runScenario -->
  <testcase classname="io.cucumber.testng.AbstractTestNGCucumberTests" name="runScenario" time="0.07">
    <failure type="java.lang.NullPointerException" message="Cannot invoke &amp;quot;org.openqa.selenium.WebDriver.findElement(org.openqa.selenium.By)&amp;quot; because &amp;quot;this.driver&amp;quot; is null">
      <![CDATA[java.lang.NullPointerException: Cannot invoke "org.openqa.selenium.WebDriver.findElement(org.openqa.selenium.By)" because "this.driver" is null
at dsalgoPOM.TreePage.binarytreetraversalbtn(TreePage.java:195)
at dsalgo_stepdefinition.DSalgoTreePage.user_is_on_binary_tree_traversals_page_and_verify_the_pagetitle(DSalgoTreePage.java:170)
at ✽.User is on Binary Tree Traversals page and verify the pagetitle(file:///C:/Users/senth/AutomationRepo/Ds-Algo/src/test/resources/features/ABS10_DSalgoTreePage.feature:109)
]]>
    </failure>
  </testcase> <!-- runScenario -->
  <testcase classname="io.cucumber.testng.AbstractTestNGCucumberTests" name="runScenario" time="0.081">
    <failure type="java.lang.NullPointerException" message="Cannot invoke &amp;quot;org.openqa.selenium.WebDriver.findElement(org.openqa.selenium.By)&amp;quot; because &amp;quot;this.driver&amp;quot; is null">
      <![CDATA[java.lang.NullPointerException: Cannot invoke "org.openqa.selenium.WebDriver.findElement(org.openqa.selenium.By)" because "this.driver" is null
at dsalgoPOM.TreePage.implementationinpythonbtn(TreePage.java:192)
at dsalgo_stepdefinition.DSalgoTreePage.user_is_on_implementation_in_python_page_and_verify_the_pagetitle(DSalgoTreePage.java:158)
at ✽.User is on Implementation in Python page and verify the pagetitle(file:///C:/Users/senth/AutomationRepo/Ds-Algo/src/test/resources/features/ABS10_DSalgoTreePage.feature:99)
]]>
    </failure>
  </testcase> <!-- runScenario -->
  <testcase classname="io.cucumber.testng.AbstractTestNGCucumberTests" name="runScenario" time="0.096">
    <failure type="java.lang.NullPointerException" message="Cannot invoke &amp;quot;org.openqa.selenium.WebDriver.findElement(org.openqa.selenium.By)&amp;quot; because &amp;quot;this.driver&amp;quot; is null">
      <![CDATA[java.lang.NullPointerException: Cannot invoke "org.openqa.selenium.WebDriver.findElement(org.openqa.selenium.By)" because "this.driver" is null
at dsalgoPOM.TreePage.implementationofbinarybtn(TreePage.java:198)
at dsalgo_stepdefinition.DSalgoTreePage.user_is_on_implementation_of_binary_trees_page_and_verify_the_pagetitle(DSalgoTreePage.java:181)
at ✽.User is on Implementation Of Binary Trees page and verify the pagetitle(file:///C:/Users/senth/AutomationRepo/Ds-Algo/src/test/resources/features/ABS10_DSalgoTreePage.feature:119)
]]>
    </failure>
  </testcase> <!-- runScenario -->
  <testcase classname="io.cucumber.testng.AbstractTestNGCucumberTests" name="runScenario" time="0.103">
    <failure type="java.lang.NullPointerException" message="Cannot invoke &amp;quot;org.openqa.selenium.WebDriver.findElement(org.openqa.selenium.By)&amp;quot; because &amp;quot;this.driver&amp;quot; is null">
      <![CDATA[java.lang.NullPointerException: Cannot invoke "org.openqa.selenium.WebDriver.findElement(org.openqa.selenium.By)" because "this.driver" is null
at dsalgoPOM.TreePage.treetraversalbtn(TreePage.java:180)
at dsalgo_stepdefinition.DSalgoTreePage.user_is_on_tree_traversalss_page_and_verify_the_pagetitle(DSalgoTreePage.java:111)
at ✽.User is on Tree Traversalss page and verify the pagetitle(file:///C:/Users/senth/AutomationRepo/Ds-Algo/src/test/resources/features/ABS10_DSalgoTreePage.feature:57)
]]>
    </failure>
  </testcase> <!-- runScenario -->
  <testcase classname="io.cucumber.testng.AbstractTestNGCucumberTests" name="runScenario" time="0.086">
    <failure type="java.lang.NullPointerException" message="Cannot invoke &amp;quot;org.openqa.selenium.WebDriver.findElement(org.openqa.selenium.By)&amp;quot; because &amp;quot;this.driver&amp;quot; is null">
      <![CDATA[java.lang.NullPointerException: Cannot invoke "org.openqa.selenium.WebDriver.findElement(org.openqa.selenium.By)" because "this.driver" is null
at dsalgoPOM.TreePage.applicationofbinarytreebtn(TreePage.java:201)
at dsalgo_stepdefinition.DSalgoTreePage.user_is_on_application_of_binary_trees_page_and_verify_the_pagetitle(DSalgoTreePage.java:193)
at ✽.User is on Application Of Binary trees page and verify the pagetitle(file:///C:/Users/senth/AutomationRepo/Ds-Algo/src/test/resources/features/ABS10_DSalgoTreePage.feature:129)
]]>
    </failure>
  </testcase> <!-- runScenario -->
  <testcase classname="io.cucumber.testng.AbstractTestNGCucumberTests" name="runScenario" time="0.135">
    <failure type="java.lang.NullPointerException" message="Cannot invoke &amp;quot;org.openqa.selenium.WebDriver.findElement(org.openqa.selenium.By)&amp;quot; because &amp;quot;this.driver&amp;quot; is null">
      <![CDATA[java.lang.NullPointerException: Cannot invoke "org.openqa.selenium.WebDriver.findElement(org.openqa.selenium.By)" because "this.driver" is null
at dsalgoPOM.TreePage.binarytreebtn(TreePage.java:186)
at dsalgo_stepdefinition.DSalgoTreePage.user_is_on_binary_trees_page_and_verify_the_pagetitle(DSalgoTreePage.java:134)
at ✽.User is on Binary Trees page and verify the pagetitle(file:///C:/Users/senth/AutomationRepo/Ds-Algo/src/test/resources/features/ABS10_DSalgoTreePage.feature:77)
]]>
    </failure>
  </testcase> <!-- runScenario -->
  <testcase classname="io.cucumber.testng.AbstractTestNGCucumberTests" name="runScenario" time="0.138">
    <failure type="java.lang.NullPointerException" message="Cannot invoke &amp;quot;org.openqa.selenium.WebDriver.findElement(org.openqa.selenium.By)&amp;quot; because &amp;quot;this.driver&amp;quot; is null">
      <![CDATA[java.lang.NullPointerException: Cannot invoke "org.openqa.selenium.WebDriver.findElement(org.openqa.selenium.By)" because "this.driver" is null
at dsalgoPOM.TreePage.typeoftreebtn(TreePage.java:177)
at dsalgo_stepdefinition.DSalgoTreePage.user_is_on_types_of_trees_page_and_verify_the_pagetitle(DSalgoTreePage.java:99)
at ✽.User is on Types of Trees page and verify the pagetitle(file:///C:/Users/senth/AutomationRepo/Ds-Algo/src/test/resources/features/ABS10_DSalgoTreePage.feature:47)
]]>
    </failure>
  </testcase> <!-- runScenario -->
  <testcase classname="io.cucumber.testng.AbstractTestNGCucumberTests" name="runScenario" time="0.087">
    <failure type="java.lang.NullPointerException" message="Cannot invoke &amp;quot;org.openqa.selenium.WebDriver.findElement(org.openqa.selenium.By)&amp;quot; because &amp;quot;this.driver&amp;quot; is null">
      <![CDATA[java.lang.NullPointerException: Cannot invoke "org.openqa.selenium.WebDriver.findElement(org.openqa.selenium.By)" because "this.driver" is null
at dsalgoPOM.TreePage.practicebtn(TreePage.java:210)
at dsalgo_stepdefinition.DSalgoTreePage.practicemethod(DSalgoTreePage.java:217)
at ✽.USER is on Types Of PractionQuestion page and verify the url"https://dsportalapp.herokuapp.com/tree/practice"(file:///C:/Users/senth/AutomationRepo/Ds-Algo/src/test/resources/features/ABS10_DSalgoTreePage.feature:161)
]]>
    </failure>
  </testcase> <!-- runScenario -->
  <testcase classname="io.cucumber.testng.AbstractTestNGCucumberTests" name="runScenario" time="0.107">
    <failure type="java.lang.NullPointerException" message="Cannot invoke &amp;quot;org.openqa.selenium.WebDriver.findElement(org.openqa.selenium.By)&amp;quot; because &amp;quot;this.driver&amp;quot; is null">
      <![CDATA[java.lang.NullPointerException: Cannot invoke "org.openqa.selenium.WebDriver.findElement(org.openqa.selenium.By)" because "this.driver" is null
at dsalgoPOM.TreePage.terminologiesBtn(TreePage.java:174)
at dsalgo_stepdefinition.DSalgoTreePage.user_is_on_terminologies_page_and_verify_the_pagetitle(DSalgoTreePage.java:86)
at ✽.User is on Terminologies page and verify the pagetitle(file:///C:/Users/senth/AutomationRepo/Ds-Algo/src/test/resources/features/ABS10_DSalgoTreePage.feature:139)
]]>
    </failure>
  </testcase> <!-- runScenario -->
  <testcase classname="io.cucumber.testng.AbstractTestNGCucumberTests" name="runScenario" time="0.102">
    <failure type="java.lang.NullPointerException" message="Cannot invoke &amp;quot;org.openqa.selenium.WebDriver.findElement(org.openqa.selenium.By)&amp;quot; because &amp;quot;this.driver&amp;quot; is null">
      <![CDATA[java.lang.NullPointerException: Cannot invoke "org.openqa.selenium.WebDriver.findElement(org.openqa.selenium.By)" because "this.driver" is null
at dsalgoPOM.TreePage.implementationofbtsBtn(TreePage.java:207)
at dsalgo_stepdefinition.DSalgoTreePage.user_is_on_implementation_of_bts_page_and_verify_the_pagetitle(DSalgoTreePage.java:205)
at ✽.User is on  Implementation of BTS  page and verify the pagetitle(file:///C:/Users/senth/AutomationRepo/Ds-Algo/src/test/resources/features/ABS10_DSalgoTreePage.feature:150)
]]>
    </failure>
  </testcase> <!-- runScenario -->
  <testcase classname="io.cucumber.testng.AbstractTestNGCucumberTests" name="runScenario" time="2.863">
    <failure type="java.lang.AssertionError" message="expected [NumpyNinja123] but found [NumpyNinja]">
      <![CDATA[java.lang.AssertionError: expected [NumpyNinja123] but found [NumpyNinja]
at dsalgo_stepdefinition.DSalgoHomePage.user_should_be_landed_on_the_data_structure_page(DSalgoHomePage.java:48)
at ✽.User should be landed on the data structure page with title "NumpyNinja123"(file:///C:/Users/senth/AutomationRepo/Ds-Algo/src/test/resources/features/ABS01_DSalgoHomePage.feature:29)
... Removed 6 stack frames]]>
    </failure>
  </testcase> <!-- runScenario -->
</testsuite> <!-- Surefire test -->
