<?xml version="1.0" encoding="UTF-8"?>
<testng-results ignored="0" total="14" passed="13" failed="1" skipped="0">
  <reporter-output>
  </reporter-output>
  <suite started-at="2024-05-12T01:18:51 EDT" name="Default suite" finished-at="2024-05-12T01:19:26 EDT" duration-ms="34539">
    <groups>
      <group name="cucumber">
        <method signature="AbstractTestNGCucumberTests.runScenario(io.cucumber.testng.PickleWrapper,io.cucumber.testng.FeatureWrapper)[pri:0, instance:dsalgo_stepdefinition.TestRunner@4b14918a]" name="runScenario" class="io.cucumber.testng.AbstractTestNGCucumberTests"/>
      </group> <!-- cucumber -->
    </groups>
    <test started-at="2024-05-12T01:18:51 EDT" name="Default test" finished-at="2024-05-12T01:19:26 EDT" duration-ms="34539">
      <class name="dsalgo_stepdefinition.TestRunner">
        <test-method is-config="true" signature="setUpClass(org.testng.ITestContext)[pri:0, instance:dsalgo_stepdefinition.TestRunner@4b14918a]" started-at="2024-05-12T01:18:51 EDT" name="setUpClass" finished-at="2024-05-12T01:18:52 EDT" duration-ms="812" status="PASS">
          <params>
            <param index="0">
              <value>
                <![CDATA[org.testng.TestRunner@4ea43d4d]]>
              </value>
            </param>
          </params>
          <reporter-output>
          </reporter-output>
        </test-method> <!-- setUpClass -->
        <test-method signature="runScenario(io.cucumber.testng.PickleWrapper,io.cucumber.testng.FeatureWrapper)[pri:0, instance:dsalgo_stepdefinition.TestRunner@4b14918a]" started-at="2024-05-12T01:18:52 EDT" name="runScenario" description="Runs Cucumber Scenarios" data-provider="scenarios" finished-at="2024-05-12T01:19:03 EDT" duration-ms="11308" status="PASS">
          <params>
            <param index="0">
              <value>
                <![CDATA["Open the browser"]]>
              </value>
            </param>
            <param index="1">
              <value>
                <![CDATA["Browser page"]]>
              </value>
            </param>
          </params>
          <reporter-output>
          </reporter-output>
        </test-method> <!-- runScenario -->
        <test-method signature="runScenario(io.cucumber.testng.PickleWrapper,io.cucumber.testng.FeatureWrapper)[pri:0, instance:dsalgo_stepdefinition.TestRunner@4b14918a]" started-at="2024-05-12T01:19:03 EDT" name="runScenario" description="Runs Cucumber Scenarios" data-provider="scenarios" finished-at="2024-05-12T01:19:07 EDT" duration-ms="3455" status="PASS">
          <params>
            <param index="0">
              <value>
                <![CDATA["Data Structures dropdown validation"]]>
              </value>
            </param>
            <param index="1">
              <value>
                <![CDATA["GetStarted page without logging on"]]>
              </value>
            </param>
          </params>
          <reporter-output>
          </reporter-output>
        </test-method> <!-- runScenario -->
        <test-method signature="runScenario(io.cucumber.testng.PickleWrapper,io.cucumber.testng.FeatureWrapper)[pri:0, instance:dsalgo_stepdefinition.TestRunner@4b14918a]" started-at="2024-05-12T01:19:07 EDT" name="runScenario" description="Runs Cucumber Scenarios" data-provider="scenarios" finished-at="2024-05-12T01:19:09 EDT" duration-ms="2329" status="PASS">
          <params>
            <param index="0">
              <value>
                <![CDATA["Get Started button validation of DataStructures"]]>
              </value>
            </param>
            <param index="1">
              <value>
                <![CDATA["GetStarted page without logging on"]]>
              </value>
            </param>
          </params>
          <reporter-output>
          </reporter-output>
        </test-method> <!-- runScenario -->
        <test-method signature="runScenario(io.cucumber.testng.PickleWrapper,io.cucumber.testng.FeatureWrapper)[pri:0, instance:dsalgo_stepdefinition.TestRunner@4b14918a]" started-at="2024-05-12T01:19:09 EDT" name="runScenario" description="Runs Cucumber Scenarios" data-provider="scenarios" finished-at="2024-05-12T01:19:10 EDT" duration-ms="282" status="PASS">
          <params>
            <param index="0">
              <value>
                <![CDATA["Signin page validation with no username and password"]]>
              </value>
            </param>
            <param index="1">
              <value>
                <![CDATA["DS Algo Sign in Page"]]>
              </value>
            </param>
          </params>
          <reporter-output>
          </reporter-output>
        </test-method> <!-- runScenario -->
        <test-method signature="runScenario(io.cucumber.testng.PickleWrapper,io.cucumber.testng.FeatureWrapper)[pri:0, instance:dsalgo_stepdefinition.TestRunner@4b14918a]" started-at="2024-05-12T01:19:10 EDT" name="runScenario" description="Runs Cucumber Scenarios" data-provider="scenarios" finished-at="2024-05-12T01:19:11 EDT" duration-ms="1551" status="PASS">
          <params>
            <param index="0">
              <value>
                <![CDATA["Signin page validation with username and  no password"]]>
              </value>
            </param>
            <param index="1">
              <value>
                <![CDATA["DS Algo Sign in Page"]]>
              </value>
            </param>
          </params>
          <reporter-output>
          </reporter-output>
        </test-method> <!-- runScenario -->
        <test-method signature="runScenario(io.cucumber.testng.PickleWrapper,io.cucumber.testng.FeatureWrapper)[pri:0, instance:dsalgo_stepdefinition.TestRunner@4b14918a]" started-at="2024-05-12T01:19:11 EDT" name="runScenario" description="Runs Cucumber Scenarios" data-provider="scenarios" finished-at="2024-05-12T01:19:11 EDT" duration-ms="364" status="PASS">
          <params>
            <param index="0">
              <value>
                <![CDATA["Signin page validation with no username"]]>
              </value>
            </param>
            <param index="1">
              <value>
                <![CDATA["DS Algo Sign in Page"]]>
              </value>
            </param>
          </params>
          <reporter-output>
          </reporter-output>
        </test-method> <!-- runScenario -->
        <test-method signature="runScenario(io.cucumber.testng.PickleWrapper,io.cucumber.testng.FeatureWrapper)[pri:0, instance:dsalgo_stepdefinition.TestRunner@4b14918a]" started-at="2024-05-12T01:19:11 EDT" name="runScenario" description="Runs Cucumber Scenarios" data-provider="scenarios" finished-at="2024-05-12T01:19:12 EDT" duration-ms="562" status="PASS">
          <params>
            <param index="0">
              <value>
                <![CDATA["Signin page validation with invalid username and invalid  password"]]>
              </value>
            </param>
            <param index="1">
              <value>
                <![CDATA["DS Algo Sign in Page"]]>
              </value>
            </param>
          </params>
          <reporter-output>
          </reporter-output>
        </test-method> <!-- runScenario -->
        <test-method signature="runScenario(io.cucumber.testng.PickleWrapper,io.cucumber.testng.FeatureWrapper)[pri:0, instance:dsalgo_stepdefinition.TestRunner@4b14918a]" started-at="2024-05-12T01:19:12 EDT" name="runScenario" description="Runs Cucumber Scenarios" data-provider="scenarios" finished-at="2024-05-12T01:19:13 EDT" duration-ms="748" status="PASS">
          <params>
            <param index="0">
              <value>
                <![CDATA["Signin page validation with valid username and valid password"]]>
              </value>
            </param>
            <param index="1">
              <value>
                <![CDATA["DS Algo Sign in Page"]]>
              </value>
            </param>
          </params>
          <reporter-output>
          </reporter-output>
        </test-method> <!-- runScenario -->
        <test-method signature="runScenario(io.cucumber.testng.PickleWrapper,io.cucumber.testng.FeatureWrapper)[pri:0, instance:dsalgo_stepdefinition.TestRunner@4b14918a]" started-at="2024-05-12T01:19:13 EDT" name="runScenario" description="Runs Cucumber Scenarios" data-provider="scenarios" finished-at="2024-05-12T01:19:14 EDT" duration-ms="1530" status="PASS">
          <params>
            <param index="0">
              <value>
                <![CDATA["validating array page"]]>
              </value>
            </param>
            <param index="1">
              <value>
                <![CDATA["DSalgo arraypage"]]>
              </value>
            </param>
          </params>
          <reporter-output>
          </reporter-output>
        </test-method> <!-- runScenario -->
        <test-method signature="runScenario(io.cucumber.testng.PickleWrapper,io.cucumber.testng.FeatureWrapper)[pri:0, instance:dsalgo_stepdefinition.TestRunner@4b14918a]" started-at="2024-05-12T01:19:14 EDT" name="runScenario" description="Runs Cucumber Scenarios" data-provider="scenarios" finished-at="2024-05-12T01:19:18 EDT" duration-ms="3705" status="PASS">
          <params>
            <param index="0">
              <value>
                <![CDATA["validating Arrays in python page"]]>
              </value>
            </param>
            <param index="1">
              <value>
                <![CDATA["DSalgo arraypage"]]>
              </value>
            </param>
          </params>
          <reporter-output>
          </reporter-output>
        </test-method> <!-- runScenario -->
        <test-method signature="runScenario(io.cucumber.testng.PickleWrapper,io.cucumber.testng.FeatureWrapper)[pri:0, instance:dsalgo_stepdefinition.TestRunner@4b14918a]" started-at="2024-05-12T01:19:18 EDT" name="runScenario" description="Runs Cucumber Scenarios" data-provider="scenarios" finished-at="2024-05-12T01:19:20 EDT" duration-ms="2464" status="PASS">
          <params>
            <param index="0">
              <value>
                <![CDATA["validating Arrays using list page"]]>
              </value>
            </param>
            <param index="1">
              <value>
                <![CDATA["DSalgo arraypage"]]>
              </value>
            </param>
          </params>
          <reporter-output>
          </reporter-output>
        </test-method> <!-- runScenario -->
        <test-method signature="runScenario(io.cucumber.testng.PickleWrapper,io.cucumber.testng.FeatureWrapper)[pri:0, instance:dsalgo_stepdefinition.TestRunner@4b14918a]" started-at="2024-05-12T01:19:20 EDT" name="runScenario" description="Runs Cucumber Scenarios" data-provider="scenarios" finished-at="2024-05-12T01:19:23 EDT" duration-ms="2546" status="PASS">
          <params>
            <param index="0">
              <value>
                <![CDATA["validating Basic operations in list page"]]>
              </value>
            </param>
            <param index="1">
              <value>
                <![CDATA["DSalgo arraypage"]]>
              </value>
            </param>
          </params>
          <reporter-output>
          </reporter-output>
        </test-method> <!-- runScenario -->
        <test-method signature="runScenario(io.cucumber.testng.PickleWrapper,io.cucumber.testng.FeatureWrapper)[pri:0, instance:dsalgo_stepdefinition.TestRunner@4b14918a]" started-at="2024-05-12T01:19:23 EDT" name="runScenario" description="Runs Cucumber Scenarios" data-provider="scenarios" finished-at="2024-05-12T01:19:26 EDT" duration-ms="2462" status="PASS">
          <params>
            <param index="0">
              <value>
                <![CDATA["validating Applications of array page"]]>
              </value>
            </param>
            <param index="1">
              <value>
                <![CDATA["DSalgo arraypage"]]>
              </value>
            </param>
          </params>
          <reporter-output>
          </reporter-output>
        </test-method> <!-- runScenario -->
        <test-method signature="runScenario(io.cucumber.testng.PickleWrapper,io.cucumber.testng.FeatureWrapper)[pri:0, instance:dsalgo_stepdefinition.TestRunner@4b14918a]" started-at="2024-05-12T01:19:26 EDT" name="runScenario" description="Runs Cucumber Scenarios" data-provider="scenarios" finished-at="2024-05-12T01:19:26 EDT" duration-ms="303" status="FAIL">
          <params>
            <param index="0">
              <value>
                <![CDATA["validating Practice questions page"]]>
              </value>
            </param>
            <param index="1">
              <value>
                <![CDATA["DSalgo arraypage"]]>
              </value>
            </param>
          </params>
          <exception class="java.lang.NullPointerException">
            <message>
              <![CDATA[Cannot invoke "org.apache.poi.xssf.usermodel.XSSFSheet.rowIterator()" because "sheet" is null]]>
            </message>
            <full-stacktrace>
              <![CDATA[java.lang.NullPointerException: Cannot invoke "org.apache.poi.xssf.usermodel.XSSFSheet.rowIterator()" because "sheet" is null
at dsalgo_utilities.ExcelReader.readExcelSheetForPracticeLinks(ExcelReader.java:94)
at dsalgoPOM.ArrayPage.validatepracticeQuestionLinks(ArrayPage.java:176)
at dsalgo_stepdefinition.DSalgoArrayPage.the_user_verify_the_links(DSalgoArrayPage.java:134)
at ✽.The user verify the links practiceQuestions(file:///C:/Users/senth/AutomationRepo/Ds-Algo/src/test/resources/features/ABS06_DSalgoArraypage.feature:64)
]]>
            </full-stacktrace>
          </exception> <!-- java.lang.NullPointerException -->
          <reporter-output>
          </reporter-output>
        </test-method> <!-- runScenario -->
        <test-method is-config="true" signature="tearDownClass()[pri:0, instance:dsalgo_stepdefinition.TestRunner@4b14918a]" started-at="2024-05-12T01:19:26 EDT" name="tearDownClass" finished-at="2024-05-12T01:19:26 EDT" duration-ms="35" status="PASS">
          <reporter-output>
          </reporter-output>
        </test-method> <!-- tearDownClass -->
      </class> <!-- dsalgo_stepdefinition.TestRunner -->
    </test> <!-- Default test -->
  </suite> <!-- Default suite -->
</testng-results>
