<?xml version="1.0" encoding="UTF-8"?>
<testng-results ignored="0" total="77" passed="77" failed="0" skipped="0">
  <reporter-output>
  </reporter-output>
  <suite started-at="2024-05-24T12:20:21 EDT" name="Default suite" finished-at="2024-05-24T12:26:52 EDT" duration-ms="391485">
    <groups>
      <group name="cucumber">
        <method signature="AbstractTestNGCucumberTests.runScenario(io.cucumber.testng.PickleWrapper,io.cucumber.testng.FeatureWrapper)[pri:0, instance:dsalgo_stepdefinition.TestRunner@4b14918a]" name="runScenario" class="io.cucumber.testng.AbstractTestNGCucumberTests"/>
      </group> <!-- cucumber -->
    </groups>
    <test started-at="2024-05-24T12:20:21 EDT" name="Default test" finished-at="2024-05-24T12:26:52 EDT" duration-ms="391485">
      <class name="dsalgo_stepdefinition.TestRunner">
        <test-method is-config="true" signature="setUpClass(org.testng.ITestContext)[pri:0, instance:dsalgo_stepdefinition.TestRunner@4b14918a]" started-at="2024-05-24T12:20:21 EDT" name="setUpClass" finished-at="2024-05-24T12:20:23 EDT" duration-ms="2093" status="PASS">
          <params>
            <param index="0">
              <value>
                <![CDATA[org.testng.TestRunner@2aaf152b]]>
              </value>
            </param>
          </params>
          <reporter-output>
          </reporter-output>
        </test-method> <!-- setUpClass -->
        <test-method signature="runScenario(io.cucumber.testng.PickleWrapper,io.cucumber.testng.FeatureWrapper)[pri:0, instance:dsalgo_stepdefinition.TestRunner@4b14918a]" started-at="2024-05-24T12:20:23 EDT" name="runScenario" description="Runs Cucumber Scenarios" data-provider="scenarios" finished-at="2024-05-24T12:21:24 EDT" duration-ms="61511" status="PASS">
          <params>
            <param index="0">
              <value>
                <![CDATA["Entering all the details in proper format"]]>
              </value>
            </param>
            <param index="1">
              <value>
                <![CDATA["Register Page validation"]]>
              </value>
            </param>
          </params>
          <reporter-output>
          </reporter-output>
        </test-method> <!-- runScenario -->
        <test-method signature="runScenario(io.cucumber.testng.PickleWrapper,io.cucumber.testng.FeatureWrapper)[pri:0, instance:dsalgo_stepdefinition.TestRunner@4b14918a]" started-at="2024-05-24T12:20:23 EDT" name="runScenario" description="Runs Cucumber Scenarios" data-provider="scenarios" finished-at="2024-05-24T12:21:27 EDT" duration-ms="64160" status="PASS">
          <params>
            <param index="0">
              <value>
                <![CDATA["Signin page validation with no username"]]>
              </value>
            </param>
            <param index="1">
              <value>
                <![CDATA["DS Algo Sign in Page"]]>
              </value>
            </param>
          </params>
          <reporter-output>
          </reporter-output>
        </test-method> <!-- runScenario -->
        <test-method signature="runScenario(io.cucumber.testng.PickleWrapper,io.cucumber.testng.FeatureWrapper)[pri:0, instance:dsalgo_stepdefinition.TestRunner@4b14918a]" started-at="2024-05-24T12:20:23 EDT" name="runScenario" description="Runs Cucumber Scenarios" data-provider="scenarios" finished-at="2024-05-24T12:21:39 EDT" duration-ms="75970" status="PASS">
          <params>
            <param index="0">
              <value>
                <![CDATA["Signin page validation with username and  no password"]]>
              </value>
            </param>
            <param index="1">
              <value>
                <![CDATA["DS Algo Sign in Page"]]>
              </value>
            </param>
          </params>
          <reporter-output>
          </reporter-output>
        </test-method> <!-- runScenario -->
        <test-method signature="runScenario(io.cucumber.testng.PickleWrapper,io.cucumber.testng.FeatureWrapper)[pri:0, instance:dsalgo_stepdefinition.TestRunner@4b14918a]" started-at="2024-05-24T12:20:23 EDT" name="runScenario" description="Runs Cucumber Scenarios" data-provider="scenarios" finished-at="2024-05-24T12:21:23 EDT" duration-ms="60234" status="PASS">
          <params>
            <param index="0">
              <value>
                <![CDATA["Get Started button validation of DataStructures"]]>
              </value>
            </param>
            <param index="1">
              <value>
                <![CDATA["GetStarted page without logging on"]]>
              </value>
            </param>
          </params>
          <reporter-output>
          </reporter-output>
        </test-method> <!-- runScenario -->
        <test-method signature="runScenario(io.cucumber.testng.PickleWrapper,io.cucumber.testng.FeatureWrapper)[pri:0, instance:dsalgo_stepdefinition.TestRunner@4b14918a]" started-at="2024-05-24T12:20:23 EDT" name="runScenario" description="Runs Cucumber Scenarios" data-provider="scenarios" finished-at="2024-05-24T12:21:35 EDT" duration-ms="71905" status="PASS">
          <params>
            <param index="0">
              <value>
                <![CDATA["Signin page validation with no username and password"]]>
              </value>
            </param>
            <param index="1">
              <value>
                <![CDATA["DS Algo Sign in Page"]]>
              </value>
            </param>
          </params>
          <reporter-output>
          </reporter-output>
        </test-method> <!-- runScenario -->
        <test-method signature="runScenario(io.cucumber.testng.PickleWrapper,io.cucumber.testng.FeatureWrapper)[pri:0, instance:dsalgo_stepdefinition.TestRunner@4b14918a]" started-at="2024-05-24T12:20:23 EDT" name="runScenario" description="Runs Cucumber Scenarios" data-provider="scenarios" finished-at="2024-05-24T12:21:06 EDT" duration-ms="43668" status="PASS">
          <params>
            <param index="0">
              <value>
                <![CDATA["Open the browser"]]>
              </value>
            </param>
            <param index="1">
              <value>
                <![CDATA["Browser page"]]>
              </value>
            </param>
          </params>
          <reporter-output>
          </reporter-output>
        </test-method> <!-- runScenario -->
        <test-method signature="runScenario(io.cucumber.testng.PickleWrapper,io.cucumber.testng.FeatureWrapper)[pri:0, instance:dsalgo_stepdefinition.TestRunner@4b14918a]" started-at="2024-05-24T12:20:23 EDT" name="runScenario" description="Runs Cucumber Scenarios" data-provider="scenarios" finished-at="2024-05-24T12:21:22 EDT" duration-ms="59624" status="PASS">
          <params>
            <param index="0">
              <value>
                <![CDATA["Entering all the details in proper format"]]>
              </value>
            </param>
            <param index="1">
              <value>
                <![CDATA["Register Page validation"]]>
              </value>
            </param>
          </params>
          <reporter-output>
          </reporter-output>
        </test-method> <!-- runScenario -->
        <test-method signature="runScenario(io.cucumber.testng.PickleWrapper,io.cucumber.testng.FeatureWrapper)[pri:0, instance:dsalgo_stepdefinition.TestRunner@4b14918a]" started-at="2024-05-24T12:20:23 EDT" name="runScenario" description="Runs Cucumber Scenarios" data-provider="scenarios" finished-at="2024-05-24T12:21:46 EDT" duration-ms="83566" status="PASS">
          <params>
            <param index="0">
              <value>
                <![CDATA["Data Structures dropdown validation"]]>
              </value>
            </param>
            <param index="1">
              <value>
                <![CDATA["GetStarted page without logging on"]]>
              </value>
            </param>
          </params>
          <reporter-output>
          </reporter-output>
        </test-method> <!-- runScenario -->
        <test-method signature="runScenario(io.cucumber.testng.PickleWrapper,io.cucumber.testng.FeatureWrapper)[pri:0, instance:dsalgo_stepdefinition.TestRunner@4b14918a]" started-at="2024-05-24T12:20:23 EDT" name="runScenario" description="Runs Cucumber Scenarios" data-provider="scenarios" finished-at="2024-05-24T12:21:16 EDT" duration-ms="53426" status="PASS">
          <params>
            <param index="0">
              <value>
                <![CDATA["Entering different passwords in password and password confirmation textbox"]]>
              </value>
            </param>
            <param index="1">
              <value>
                <![CDATA["Register Page validation"]]>
              </value>
            </param>
          </params>
          <reporter-output>
          </reporter-output>
        </test-method> <!-- runScenario -->
        <test-method signature="runScenario(io.cucumber.testng.PickleWrapper,io.cucumber.testng.FeatureWrapper)[pri:0, instance:dsalgo_stepdefinition.TestRunner@4b14918a]" started-at="2024-05-24T12:20:23 EDT" name="runScenario" description="Runs Cucumber Scenarios" data-provider="scenarios" finished-at="2024-05-24T12:21:21 EDT" duration-ms="57789" status="PASS">
          <params>
            <param index="0">
              <value>
                <![CDATA["Entering all the details in proper format"]]>
              </value>
            </param>
            <param index="1">
              <value>
                <![CDATA["Register Page validation"]]>
              </value>
            </param>
          </params>
          <reporter-output>
          </reporter-output>
        </test-method> <!-- runScenario -->
        <test-method signature="runScenario(io.cucumber.testng.PickleWrapper,io.cucumber.testng.FeatureWrapper)[pri:0, instance:dsalgo_stepdefinition.TestRunner@4b14918a]" started-at="2024-05-24T12:21:07 EDT" name="runScenario" description="Runs Cucumber Scenarios" data-provider="scenarios" finished-at="2024-05-24T12:21:41 EDT" duration-ms="34602" status="PASS">
          <params>
            <param index="0">
              <value>
                <![CDATA["Signin page validation with invalid username and invalid  password"]]>
              </value>
            </param>
            <param index="1">
              <value>
                <![CDATA["DS Algo Sign in Page"]]>
              </value>
            </param>
          </params>
          <reporter-output>
          </reporter-output>
        </test-method> <!-- runScenario -->
        <test-method signature="runScenario(io.cucumber.testng.PickleWrapper,io.cucumber.testng.FeatureWrapper)[pri:0, instance:dsalgo_stepdefinition.TestRunner@4b14918a]" started-at="2024-05-24T12:21:16 EDT" name="runScenario" description="Runs Cucumber Scenarios" data-provider="scenarios" finished-at="2024-05-24T12:22:00 EDT" duration-ms="43389" status="PASS">
          <params>
            <param index="0">
              <value>
                <![CDATA["Signin page validation with valid username and valid password"]]>
              </value>
            </param>
            <param index="1">
              <value>
                <![CDATA["DS Algo Sign in Page"]]>
              </value>
            </param>
          </params>
          <reporter-output>
          </reporter-output>
        </test-method> <!-- runScenario -->
        <test-method signature="runScenario(io.cucumber.testng.PickleWrapper,io.cucumber.testng.FeatureWrapper)[pri:0, instance:dsalgo_stepdefinition.TestRunner@4b14918a]" started-at="2024-05-24T12:21:21 EDT" name="runScenario" description="Runs Cucumber Scenarios" data-provider="scenarios" finished-at="2024-05-24T12:22:00 EDT" duration-ms="39029" status="PASS">
          <params>
            <param index="0">
              <value>
                <![CDATA["Get started page of Data Structure"]]>
              </value>
            </param>
            <param index="1">
              <value>
                <![CDATA["DataStructure page"]]>
              </value>
            </param>
          </params>
          <reporter-output>
          </reporter-output>
        </test-method> <!-- runScenario -->
        <test-method signature="runScenario(io.cucumber.testng.PickleWrapper,io.cucumber.testng.FeatureWrapper)[pri:0, instance:dsalgo_stepdefinition.TestRunner@4b14918a]" started-at="2024-05-24T12:21:22 EDT" name="runScenario" description="Runs Cucumber Scenarios" data-provider="scenarios" finished-at="2024-05-24T12:22:14 EDT" duration-ms="51987" status="PASS">
          <params>
            <param index="0">
              <value>
                <![CDATA["Data structures introduction page"]]>
              </value>
            </param>
            <param index="1">
              <value>
                <![CDATA["DataStructure page"]]>
              </value>
            </param>
          </params>
          <reporter-output>
          </reporter-output>
        </test-method> <!-- runScenario -->
        <test-method signature="runScenario(io.cucumber.testng.PickleWrapper,io.cucumber.testng.FeatureWrapper)[pri:0, instance:dsalgo_stepdefinition.TestRunner@4b14918a]" started-at="2024-05-24T12:21:23 EDT" name="runScenario" description="Runs Cucumber Scenarios" data-provider="scenarios" finished-at="2024-05-24T12:22:14 EDT" duration-ms="50512" status="PASS">
          <params>
            <param index="0">
              <value>
                <![CDATA["Text editor screen"]]>
              </value>
            </param>
            <param index="1">
              <value>
                <![CDATA["DataStructure page"]]>
              </value>
            </param>
          </params>
          <reporter-output>
          </reporter-output>
        </test-method> <!-- runScenario -->
        <test-method signature="runScenario(io.cucumber.testng.PickleWrapper,io.cucumber.testng.FeatureWrapper)[pri:0, instance:dsalgo_stepdefinition.TestRunner@4b14918a]" started-at="2024-05-24T12:21:24 EDT" name="runScenario" description="Runs Cucumber Scenarios" data-provider="scenarios" finished-at="2024-05-24T12:22:52 EDT" duration-ms="87841" status="PASS">
          <params>
            <param index="0">
              <value>
                <![CDATA["Console message and Practice Questions page"]]>
              </value>
            </param>
            <param index="1">
              <value>
                <![CDATA["DataStructure page"]]>
              </value>
            </param>
          </params>
          <reporter-output>
          </reporter-output>
        </test-method> <!-- runScenario -->
        <test-method signature="runScenario(io.cucumber.testng.PickleWrapper,io.cucumber.testng.FeatureWrapper)[pri:0, instance:dsalgo_stepdefinition.TestRunner@4b14918a]" started-at="2024-05-24T12:21:27 EDT" name="runScenario" description="Runs Cucumber Scenarios" data-provider="scenarios" finished-at="2024-05-24T12:23:23 EDT" duration-ms="115841" status="PASS">
          <params>
            <param index="0">
              <value>
                <![CDATA["validating array page"]]>
              </value>
            </param>
            <param index="1">
              <value>
                <![CDATA["DSalgo arraypage"]]>
              </value>
            </param>
          </params>
          <reporter-output>
          </reporter-output>
        </test-method> <!-- runScenario -->
        <test-method signature="runScenario(io.cucumber.testng.PickleWrapper,io.cucumber.testng.FeatureWrapper)[pri:0, instance:dsalgo_stepdefinition.TestRunner@4b14918a]" started-at="2024-05-24T12:21:35 EDT" name="runScenario" description="Runs Cucumber Scenarios" data-provider="scenarios" finished-at="2024-05-24T12:23:38 EDT" duration-ms="122893" status="PASS">
          <params>
            <param index="0">
              <value>
                <![CDATA["validating LinkedlistPage"]]>
              </value>
            </param>
            <param index="1">
              <value>
                <![CDATA["DSalgo LinkedlistPage"]]>
              </value>
            </param>
          </params>
          <reporter-output>
          </reporter-output>
        </test-method> <!-- runScenario -->
        <test-method signature="runScenario(io.cucumber.testng.PickleWrapper,io.cucumber.testng.FeatureWrapper)[pri:0, instance:dsalgo_stepdefinition.TestRunner@4b14918a]" started-at="2024-05-24T12:21:39 EDT" name="runScenario" description="Runs Cucumber Scenarios" data-provider="scenarios" finished-at="2024-05-24T12:23:50 EDT" duration-ms="130871" status="PASS">
          <params>
            <param index="0">
              <value>
                <![CDATA["validating Introduction Page"]]>
              </value>
            </param>
            <param index="1">
              <value>
                <![CDATA["DSalgo LinkedlistPage"]]>
              </value>
            </param>
          </params>
          <reporter-output>
          </reporter-output>
        </test-method> <!-- runScenario -->
        <test-method signature="runScenario(io.cucumber.testng.PickleWrapper,io.cucumber.testng.FeatureWrapper)[pri:0, instance:dsalgo_stepdefinition.TestRunner@4b14918a]" started-at="2024-05-24T12:21:41 EDT" name="runScenario" description="Runs Cucumber Scenarios" data-provider="scenarios" finished-at="2024-05-24T12:23:21 EDT" duration-ms="99639" status="PASS">
          <params>
            <param index="0">
              <value>
                <![CDATA["validating Creating Linked List  Page"]]>
              </value>
            </param>
            <param index="1">
              <value>
                <![CDATA["DSalgo LinkedlistPage"]]>
              </value>
            </param>
          </params>
          <reporter-output>
          </reporter-output>
        </test-method> <!-- runScenario -->
        <test-method signature="runScenario(io.cucumber.testng.PickleWrapper,io.cucumber.testng.FeatureWrapper)[pri:0, instance:dsalgo_stepdefinition.TestRunner@4b14918a]" started-at="2024-05-24T12:21:46 EDT" name="runScenario" description="Runs Cucumber Scenarios" data-provider="scenarios" finished-at="2024-05-24T12:23:48 EDT" duration-ms="121830" status="PASS">
          <params>
            <param index="0">
              <value>
                <![CDATA["validating Types Of Linked List Page"]]>
              </value>
            </param>
            <param index="1">
              <value>
                <![CDATA["DSalgo LinkedlistPage"]]>
              </value>
            </param>
          </params>
          <reporter-output>
          </reporter-output>
        </test-method> <!-- runScenario -->
        <test-method signature="runScenario(io.cucumber.testng.PickleWrapper,io.cucumber.testng.FeatureWrapper)[pri:0, instance:dsalgo_stepdefinition.TestRunner@4b14918a]" started-at="2024-05-24T12:22:00 EDT" name="runScenario" description="Runs Cucumber Scenarios" data-provider="scenarios" finished-at="2024-05-24T12:23:49 EDT" duration-ms="108943" status="PASS">
          <params>
            <param index="0">
              <value>
                <![CDATA["validating Implement Linked List In Python Page"]]>
              </value>
            </param>
            <param index="1">
              <value>
                <![CDATA["DSalgo LinkedlistPage"]]>
              </value>
            </param>
          </params>
          <reporter-output>
          </reporter-output>
        </test-method> <!-- runScenario -->
        <test-method signature="runScenario(io.cucumber.testng.PickleWrapper,io.cucumber.testng.FeatureWrapper)[pri:0, instance:dsalgo_stepdefinition.TestRunner@4b14918a]" started-at="2024-05-24T12:22:00 EDT" name="runScenario" description="Runs Cucumber Scenarios" data-provider="scenarios" finished-at="2024-05-24T12:23:41 EDT" duration-ms="101285" status="PASS">
          <params>
            <param index="0">
              <value>
                <![CDATA["validating Traversal Page"]]>
              </value>
            </param>
            <param index="1">
              <value>
                <![CDATA["DSalgo LinkedlistPage"]]>
              </value>
            </param>
          </params>
          <reporter-output>
          </reporter-output>
        </test-method> <!-- runScenario -->
        <test-method signature="runScenario(io.cucumber.testng.PickleWrapper,io.cucumber.testng.FeatureWrapper)[pri:0, instance:dsalgo_stepdefinition.TestRunner@4b14918a]" started-at="2024-05-24T12:22:14 EDT" name="runScenario" description="Runs Cucumber Scenarios" data-provider="scenarios" finished-at="2024-05-24T12:23:53 EDT" duration-ms="99681" status="PASS">
          <params>
            <param index="0">
              <value>
                <![CDATA["validating Insertion Page"]]>
              </value>
            </param>
            <param index="1">
              <value>
                <![CDATA["DSalgo LinkedlistPage"]]>
              </value>
            </param>
          </params>
          <reporter-output>
          </reporter-output>
        </test-method> <!-- runScenario -->
        <test-method signature="runScenario(io.cucumber.testng.PickleWrapper,io.cucumber.testng.FeatureWrapper)[pri:0, instance:dsalgo_stepdefinition.TestRunner@4b14918a]" started-at="2024-05-24T12:22:14 EDT" name="runScenario" description="Runs Cucumber Scenarios" data-provider="scenarios" finished-at="2024-05-24T12:23:53 EDT" duration-ms="98684" status="PASS">
          <params>
            <param index="0">
              <value>
                <![CDATA["validating Deletion Page"]]>
              </value>
            </param>
            <param index="1">
              <value>
                <![CDATA["DSalgo LinkedlistPage"]]>
              </value>
            </param>
          </params>
          <reporter-output>
          </reporter-output>
        </test-method> <!-- runScenario -->
        <test-method signature="runScenario(io.cucumber.testng.PickleWrapper,io.cucumber.testng.FeatureWrapper)[pri:0, instance:dsalgo_stepdefinition.TestRunner@4b14918a]" started-at="2024-05-24T12:22:52 EDT" name="runScenario" description="Runs Cucumber Scenarios" data-provider="scenarios" finished-at="2024-05-24T12:24:09 EDT" duration-ms="76614" status="PASS">
          <params>
            <param index="0">
              <value>
                <![CDATA["validating PracticeQuestionPage"]]>
              </value>
            </param>
            <param index="1">
              <value>
                <![CDATA["DSalgo LinkedlistPage"]]>
              </value>
            </param>
          </params>
          <reporter-output>
          </reporter-output>
        </test-method> <!-- runScenario -->
        <test-method signature="runScenario(io.cucumber.testng.PickleWrapper,io.cucumber.testng.FeatureWrapper)[pri:0, instance:dsalgo_stepdefinition.TestRunner@4b14918a]" started-at="2024-05-24T12:23:21 EDT" name="runScenario" description="Runs Cucumber Scenarios" data-provider="scenarios" finished-at="2024-05-24T12:23:50 EDT" duration-ms="28738" status="PASS">
          <params>
            <param index="0">
              <value>
                <![CDATA["The user is able to naviagte to Stack page"]]>
              </value>
            </param>
            <param index="1">
              <value>
                <![CDATA["User launch DSAlgo application and test stack page"]]>
              </value>
            </param>
          </params>
          <reporter-output>
          </reporter-output>
        </test-method> <!-- runScenario -->
        <test-method signature="runScenario(io.cucumber.testng.PickleWrapper,io.cucumber.testng.FeatureWrapper)[pri:0, instance:dsalgo_stepdefinition.TestRunner@4b14918a]" started-at="2024-05-24T12:23:23 EDT" name="runScenario" description="Runs Cucumber Scenarios" data-provider="scenarios" finished-at="2024-05-24T12:23:52 EDT" duration-ms="28906" status="PASS">
          <params>
            <param index="0">
              <value>
                <![CDATA["The user is able to navigate to Operations in Stack page"]]>
              </value>
            </param>
            <param index="1">
              <value>
                <![CDATA["User launch DSAlgo application and test stack page"]]>
              </value>
            </param>
          </params>
          <reporter-output>
          </reporter-output>
        </test-method> <!-- runScenario -->
        <test-method signature="runScenario(io.cucumber.testng.PickleWrapper,io.cucumber.testng.FeatureWrapper)[pri:0, instance:dsalgo_stepdefinition.TestRunner@4b14918a]" started-at="2024-05-24T12:23:38 EDT" name="runScenario" description="Runs Cucumber Scenarios" data-provider="scenarios" finished-at="2024-05-24T12:24:07 EDT" duration-ms="29733" status="PASS">
          <params>
            <param index="0">
              <value>
                <![CDATA["The user is able to navigate to a page having an tryEditor from Opertaions in Stack page"]]>
              </value>
            </param>
            <param index="1">
              <value>
                <![CDATA["User launch DSAlgo application and test stack page"]]>
              </value>
            </param>
          </params>
          <reporter-output>
          </reporter-output>
        </test-method> <!-- runScenario -->
        <test-method signature="runScenario(io.cucumber.testng.PickleWrapper,io.cucumber.testng.FeatureWrapper)[pri:0, instance:dsalgo_stepdefinition.TestRunner@4b14918a]" started-at="2024-05-24T12:23:41 EDT" name="runScenario" description="Runs Cucumber Scenarios" data-provider="scenarios" finished-at="2024-05-24T12:24:11 EDT" duration-ms="30510" status="PASS">
          <params>
            <param index="0">
              <value>
                <![CDATA["The user is able to see the error message in pop up window with incorrect python code"]]>
              </value>
            </param>
            <param index="1">
              <value>
                <![CDATA["User launch DSAlgo application and test stack page"]]>
              </value>
            </param>
          </params>
          <reporter-output>
          </reporter-output>
        </test-method> <!-- runScenario -->
        <test-method signature="runScenario(io.cucumber.testng.PickleWrapper,io.cucumber.testng.FeatureWrapper)[pri:0, instance:dsalgo_stepdefinition.TestRunner@4b14918a]" started-at="2024-05-24T12:23:48 EDT" name="runScenario" description="Runs Cucumber Scenarios" data-provider="scenarios" finished-at="2024-05-24T12:24:20 EDT" duration-ms="31925" status="PASS">
          <params>
            <param index="0">
              <value>
                <![CDATA["The user is able to see the output in console with proper python code"]]>
              </value>
            </param>
            <param index="1">
              <value>
                <![CDATA["User launch DSAlgo application and test stack page"]]>
              </value>
            </param>
          </params>
          <reporter-output>
          </reporter-output>
        </test-method> <!-- runScenario -->
        <test-method signature="runScenario(io.cucumber.testng.PickleWrapper,io.cucumber.testng.FeatureWrapper)[pri:0, instance:dsalgo_stepdefinition.TestRunner@4b14918a]" started-at="2024-05-24T12:23:49 EDT" name="runScenario" description="Runs Cucumber Scenarios" data-provider="scenarios" finished-at="2024-05-24T12:24:18 EDT" duration-ms="29826" status="PASS">
          <params>
            <param index="0">
              <value>
                <![CDATA["The user is able to navigate to Implementations in Stack page"]]>
              </value>
            </param>
            <param index="1">
              <value>
                <![CDATA["User launch DSAlgo application and test stack page"]]>
              </value>
            </param>
          </params>
          <reporter-output>
          </reporter-output>
        </test-method> <!-- runScenario -->
        <test-method signature="runScenario(io.cucumber.testng.PickleWrapper,io.cucumber.testng.FeatureWrapper)[pri:0, instance:dsalgo_stepdefinition.TestRunner@4b14918a]" started-at="2024-05-24T12:23:50 EDT" name="runScenario" description="Runs Cucumber Scenarios" data-provider="scenarios" finished-at="2024-05-24T12:24:19 EDT" duration-ms="29795" status="PASS">
          <params>
            <param index="0">
              <value>
                <![CDATA["The user is able to navigate to a page having an tryEditor from Implementation page"]]>
              </value>
            </param>
            <param index="1">
              <value>
                <![CDATA["User launch DSAlgo application and test stack page"]]>
              </value>
            </param>
          </params>
          <reporter-output>
          </reporter-output>
        </test-method> <!-- runScenario -->
        <test-method signature="runScenario(io.cucumber.testng.PickleWrapper,io.cucumber.testng.FeatureWrapper)[pri:0, instance:dsalgo_stepdefinition.TestRunner@4b14918a]" started-at="2024-05-24T12:23:50 EDT" name="runScenario" description="Runs Cucumber Scenarios" data-provider="scenarios" finished-at="2024-05-24T12:24:22 EDT" duration-ms="32244" status="PASS">
          <params>
            <param index="0">
              <value>
                <![CDATA["The user is able to see the error message in pop up window with incorrect python code"]]>
              </value>
            </param>
            <param index="1">
              <value>
                <![CDATA["User launch DSAlgo application and test stack page"]]>
              </value>
            </param>
          </params>
          <reporter-output>
          </reporter-output>
        </test-method> <!-- runScenario -->
        <test-method signature="runScenario(io.cucumber.testng.PickleWrapper,io.cucumber.testng.FeatureWrapper)[pri:0, instance:dsalgo_stepdefinition.TestRunner@4b14918a]" started-at="2024-05-24T12:23:52 EDT" name="runScenario" description="Runs Cucumber Scenarios" data-provider="scenarios" finished-at="2024-05-24T12:24:24 EDT" duration-ms="31922" status="PASS">
          <params>
            <param index="0">
              <value>
                <![CDATA["The user is able to see the output in console with proper python code"]]>
              </value>
            </param>
            <param index="1">
              <value>
                <![CDATA["User launch DSAlgo application and test stack page"]]>
              </value>
            </param>
          </params>
          <reporter-output>
          </reporter-output>
        </test-method> <!-- runScenario -->
        <test-method signature="runScenario(io.cucumber.testng.PickleWrapper,io.cucumber.testng.FeatureWrapper)[pri:0, instance:dsalgo_stepdefinition.TestRunner@4b14918a]" started-at="2024-05-24T12:23:53 EDT" name="runScenario" description="Runs Cucumber Scenarios" data-provider="scenarios" finished-at="2024-05-24T12:24:23 EDT" duration-ms="30234" status="PASS">
          <params>
            <param index="0">
              <value>
                <![CDATA["The user is able to navigate to Applications in Stack page"]]>
              </value>
            </param>
            <param index="1">
              <value>
                <![CDATA["User launch DSAlgo application and test stack page"]]>
              </value>
            </param>
          </params>
          <reporter-output>
          </reporter-output>
        </test-method> <!-- runScenario -->
        <test-method signature="runScenario(io.cucumber.testng.PickleWrapper,io.cucumber.testng.FeatureWrapper)[pri:0, instance:dsalgo_stepdefinition.TestRunner@4b14918a]" started-at="2024-05-24T12:23:53 EDT" name="runScenario" description="Runs Cucumber Scenarios" data-provider="scenarios" finished-at="2024-05-24T12:24:24 EDT" duration-ms="30244" status="PASS">
          <params>
            <param index="0">
              <value>
                <![CDATA["The user is able to navigate to a page having an tryEditor from Applications page"]]>
              </value>
            </param>
            <param index="1">
              <value>
                <![CDATA["User launch DSAlgo application and test stack page"]]>
              </value>
            </param>
          </params>
          <reporter-output>
          </reporter-output>
        </test-method> <!-- runScenario -->
        <test-method signature="runScenario(io.cucumber.testng.PickleWrapper,io.cucumber.testng.FeatureWrapper)[pri:0, instance:dsalgo_stepdefinition.TestRunner@4b14918a]" started-at="2024-05-24T12:24:07 EDT" name="runScenario" description="Runs Cucumber Scenarios" data-provider="scenarios" finished-at="2024-05-24T12:24:39 EDT" duration-ms="31266" status="PASS">
          <params>
            <param index="0">
              <value>
                <![CDATA["The user is able to see the error message in pop up window with incorrect python code"]]>
              </value>
            </param>
            <param index="1">
              <value>
                <![CDATA["User launch DSAlgo application and test stack page"]]>
              </value>
            </param>
          </params>
          <reporter-output>
          </reporter-output>
        </test-method> <!-- runScenario -->
        <test-method signature="runScenario(io.cucumber.testng.PickleWrapper,io.cucumber.testng.FeatureWrapper)[pri:0, instance:dsalgo_stepdefinition.TestRunner@4b14918a]" started-at="2024-05-24T12:24:09 EDT" name="runScenario" description="Runs Cucumber Scenarios" data-provider="scenarios" finished-at="2024-05-24T12:24:41 EDT" duration-ms="32154" status="PASS">
          <params>
            <param index="0">
              <value>
                <![CDATA["The user is able to see the output in console with proper python code"]]>
              </value>
            </param>
            <param index="1">
              <value>
                <![CDATA["User launch DSAlgo application and test stack page"]]>
              </value>
            </param>
          </params>
          <reporter-output>
          </reporter-output>
        </test-method> <!-- runScenario -->
        <test-method signature="runScenario(io.cucumber.testng.PickleWrapper,io.cucumber.testng.FeatureWrapper)[pri:0, instance:dsalgo_stepdefinition.TestRunner@4b14918a]" started-at="2024-05-24T12:24:11 EDT" name="runScenario" description="Runs Cucumber Scenarios" data-provider="scenarios" finished-at="2024-05-24T12:24:42 EDT" duration-ms="30086" status="PASS">
          <params>
            <param index="0">
              <value>
                <![CDATA["The user is able to navigate to Practice Questions in Stack page"]]>
              </value>
            </param>
            <param index="1">
              <value>
                <![CDATA["User launch DSAlgo application and test stack page"]]>
              </value>
            </param>
          </params>
          <reporter-output>
          </reporter-output>
        </test-method> <!-- runScenario -->
        <test-method signature="runScenario(io.cucumber.testng.PickleWrapper,io.cucumber.testng.FeatureWrapper)[pri:0, instance:dsalgo_stepdefinition.TestRunner@4b14918a]" started-at="2024-05-24T12:24:18 EDT" name="runScenario" description="Runs Cucumber Scenarios" data-provider="scenarios" finished-at="2024-05-24T12:24:47 EDT" duration-ms="28715" status="PASS">
          <params>
            <param index="0">
              <value>
                <![CDATA["The user is able to naviagte to Queue page"]]>
              </value>
            </param>
            <param index="1">
              <value>
                <![CDATA["User launch DSAlgo application and Test Queue page"]]>
              </value>
            </param>
          </params>
          <reporter-output>
          </reporter-output>
        </test-method> <!-- runScenario -->
        <test-method signature="runScenario(io.cucumber.testng.PickleWrapper,io.cucumber.testng.FeatureWrapper)[pri:0, instance:dsalgo_stepdefinition.TestRunner@4b14918a]" started-at="2024-05-24T12:24:19 EDT" name="runScenario" description="Runs Cucumber Scenarios" data-provider="scenarios" finished-at="2024-05-24T12:24:49 EDT" duration-ms="29328" status="PASS">
          <params>
            <param index="0">
              <value>
                <![CDATA["Implementation of Queue page"]]>
              </value>
            </param>
            <param index="1">
              <value>
                <![CDATA["User launch DSAlgo application and Test Queue page"]]>
              </value>
            </param>
          </params>
          <reporter-output>
          </reporter-output>
        </test-method> <!-- runScenario -->
        <test-method signature="runScenario(io.cucumber.testng.PickleWrapper,io.cucumber.testng.FeatureWrapper)[pri:0, instance:dsalgo_stepdefinition.TestRunner@4b14918a]" started-at="2024-05-24T12:24:20 EDT" name="runScenario" description="Runs Cucumber Scenarios" data-provider="scenarios" finished-at="2024-05-24T12:24:51 EDT" duration-ms="30890" status="PASS">
          <params>
            <param index="0">
              <value>
                <![CDATA["The user is able to see the error message in pop up window with incorrect python code"]]>
              </value>
            </param>
            <param index="1">
              <value>
                <![CDATA["User launch DSAlgo application and Test Queue page"]]>
              </value>
            </param>
          </params>
          <reporter-output>
          </reporter-output>
        </test-method> <!-- runScenario -->
        <test-method signature="runScenario(io.cucumber.testng.PickleWrapper,io.cucumber.testng.FeatureWrapper)[pri:0, instance:dsalgo_stepdefinition.TestRunner@4b14918a]" started-at="2024-05-24T12:24:22 EDT" name="runScenario" description="Runs Cucumber Scenarios" data-provider="scenarios" finished-at="2024-05-24T12:24:54 EDT" duration-ms="31613" status="PASS">
          <params>
            <param index="0">
              <value>
                <![CDATA["The user is able to see the output in console with proper python code"]]>
              </value>
            </param>
            <param index="1">
              <value>
                <![CDATA["User launch DSAlgo application and Test Queue page"]]>
              </value>
            </param>
          </params>
          <reporter-output>
          </reporter-output>
        </test-method> <!-- runScenario -->
        <test-method signature="runScenario(io.cucumber.testng.PickleWrapper,io.cucumber.testng.FeatureWrapper)[pri:0, instance:dsalgo_stepdefinition.TestRunner@4b14918a]" started-at="2024-05-24T12:24:23 EDT" name="runScenario" description="Runs Cucumber Scenarios" data-provider="scenarios" finished-at="2024-05-24T12:24:53 EDT" duration-ms="29777" status="PASS">
          <params>
            <param index="0">
              <value>
                <![CDATA["Implementation using collections.deque page"]]>
              </value>
            </param>
            <param index="1">
              <value>
                <![CDATA["User launch DSAlgo application and Test Queue page"]]>
              </value>
            </param>
          </params>
          <reporter-output>
          </reporter-output>
        </test-method> <!-- runScenario -->
        <test-method signature="runScenario(io.cucumber.testng.PickleWrapper,io.cucumber.testng.FeatureWrapper)[pri:0, instance:dsalgo_stepdefinition.TestRunner@4b14918a]" started-at="2024-05-24T12:24:24 EDT" name="runScenario" description="Runs Cucumber Scenarios" data-provider="scenarios" finished-at="2024-05-24T12:24:56 EDT" duration-ms="32108" status="PASS">
          <params>
            <param index="0">
              <value>
                <![CDATA["The user is able to see the error message in pop up window with incorrect python code"]]>
              </value>
            </param>
            <param index="1">
              <value>
                <![CDATA["User launch DSAlgo application and Test Queue page"]]>
              </value>
            </param>
          </params>
          <reporter-output>
          </reporter-output>
        </test-method> <!-- runScenario -->
        <test-method signature="runScenario(io.cucumber.testng.PickleWrapper,io.cucumber.testng.FeatureWrapper)[pri:0, instance:dsalgo_stepdefinition.TestRunner@4b14918a]" started-at="2024-05-24T12:24:24 EDT" name="runScenario" description="Runs Cucumber Scenarios" data-provider="scenarios" finished-at="2024-05-24T12:24:55 EDT" duration-ms="31739" status="PASS">
          <params>
            <param index="0">
              <value>
                <![CDATA["The user is able to see the output in console with proper python code"]]>
              </value>
            </param>
            <param index="1">
              <value>
                <![CDATA["User launch DSAlgo application and Test Queue page"]]>
              </value>
            </param>
          </params>
          <reporter-output>
          </reporter-output>
        </test-method> <!-- runScenario -->
        <test-method signature="runScenario(io.cucumber.testng.PickleWrapper,io.cucumber.testng.FeatureWrapper)[pri:0, instance:dsalgo_stepdefinition.TestRunner@4b14918a]" started-at="2024-05-24T12:24:39 EDT" name="runScenario" description="Runs Cucumber Scenarios" data-provider="scenarios" finished-at="2024-05-24T12:25:08 EDT" duration-ms="29585" status="PASS">
          <params>
            <param index="0">
              <value>
                <![CDATA["Implementation using array page"]]>
              </value>
            </param>
            <param index="1">
              <value>
                <![CDATA["User launch DSAlgo application and Test Queue page"]]>
              </value>
            </param>
          </params>
          <reporter-output>
          </reporter-output>
        </test-method> <!-- runScenario -->
        <test-method signature="runScenario(io.cucumber.testng.PickleWrapper,io.cucumber.testng.FeatureWrapper)[pri:0, instance:dsalgo_stepdefinition.TestRunner@4b14918a]" started-at="2024-05-24T12:24:41 EDT" name="runScenario" description="Runs Cucumber Scenarios" data-provider="scenarios" finished-at="2024-05-24T12:25:14 EDT" duration-ms="33221" status="PASS">
          <params>
            <param index="0">
              <value>
                <![CDATA["The user is able to see the error message in pop up window with incorrect python code"]]>
              </value>
            </param>
            <param index="1">
              <value>
                <![CDATA["User launch DSAlgo application and Test Queue page"]]>
              </value>
            </param>
          </params>
          <reporter-output>
          </reporter-output>
        </test-method> <!-- runScenario -->
        <test-method signature="runScenario(io.cucumber.testng.PickleWrapper,io.cucumber.testng.FeatureWrapper)[pri:0, instance:dsalgo_stepdefinition.TestRunner@4b14918a]" started-at="2024-05-24T12:24:42 EDT" name="runScenario" description="Runs Cucumber Scenarios" data-provider="scenarios" finished-at="2024-05-24T12:25:15 EDT" duration-ms="33740" status="PASS">
          <params>
            <param index="0">
              <value>
                <![CDATA["The user is able to see the output in console with proper python code"]]>
              </value>
            </param>
            <param index="1">
              <value>
                <![CDATA["User launch DSAlgo application and Test Queue page"]]>
              </value>
            </param>
          </params>
          <reporter-output>
          </reporter-output>
        </test-method> <!-- runScenario -->
        <test-method signature="runScenario(io.cucumber.testng.PickleWrapper,io.cucumber.testng.FeatureWrapper)[pri:0, instance:dsalgo_stepdefinition.TestRunner@4b14918a]" started-at="2024-05-24T12:24:47 EDT" name="runScenario" description="Runs Cucumber Scenarios" data-provider="scenarios" finished-at="2024-05-24T12:25:19 EDT" duration-ms="31406" status="PASS">
          <params>
            <param index="0">
              <value>
                <![CDATA["Queue Operations page"]]>
              </value>
            </param>
            <param index="1">
              <value>
                <![CDATA["User launch DSAlgo application and Test Queue page"]]>
              </value>
            </param>
          </params>
          <reporter-output>
          </reporter-output>
        </test-method> <!-- runScenario -->
        <test-method signature="runScenario(io.cucumber.testng.PickleWrapper,io.cucumber.testng.FeatureWrapper)[pri:0, instance:dsalgo_stepdefinition.TestRunner@4b14918a]" started-at="2024-05-24T12:24:49 EDT" name="runScenario" description="Runs Cucumber Scenarios" data-provider="scenarios" finished-at="2024-05-24T12:25:20 EDT" duration-ms="31555" status="PASS">
          <params>
            <param index="0">
              <value>
                <![CDATA["The user is able to see the error message in pop up window with incorrect python code"]]>
              </value>
            </param>
            <param index="1">
              <value>
                <![CDATA["User launch DSAlgo application and Test Queue page"]]>
              </value>
            </param>
          </params>
          <reporter-output>
          </reporter-output>
        </test-method> <!-- runScenario -->
        <test-method signature="runScenario(io.cucumber.testng.PickleWrapper,io.cucumber.testng.FeatureWrapper)[pri:0, instance:dsalgo_stepdefinition.TestRunner@4b14918a]" started-at="2024-05-24T12:24:51 EDT" name="runScenario" description="Runs Cucumber Scenarios" data-provider="scenarios" finished-at="2024-05-24T12:25:34 EDT" duration-ms="43411" status="PASS">
          <params>
            <param index="0">
              <value>
                <![CDATA["The user is able to see the output in console with proper python code"]]>
              </value>
            </param>
            <param index="1">
              <value>
                <![CDATA["User launch DSAlgo application and Test Queue page"]]>
              </value>
            </param>
          </params>
          <reporter-output>
          </reporter-output>
        </test-method> <!-- runScenario -->
        <test-method signature="runScenario(io.cucumber.testng.PickleWrapper,io.cucumber.testng.FeatureWrapper)[pri:0, instance:dsalgo_stepdefinition.TestRunner@4b14918a]" started-at="2024-05-24T12:24:53 EDT" name="runScenario" description="Runs Cucumber Scenarios" data-provider="scenarios" finished-at="2024-05-24T12:25:39 EDT" duration-ms="45432" status="PASS">
          <params>
            <param index="0">
              <value>
                <![CDATA["The user is able to navigate to Practice Questions in Queue page"]]>
              </value>
            </param>
            <param index="1">
              <value>
                <![CDATA["User launch DSAlgo application and Test Queue page"]]>
              </value>
            </param>
          </params>
          <reporter-output>
          </reporter-output>
        </test-method> <!-- runScenario -->
        <test-method signature="runScenario(io.cucumber.testng.PickleWrapper,io.cucumber.testng.FeatureWrapper)[pri:0, instance:dsalgo_stepdefinition.TestRunner@4b14918a]" started-at="2024-05-24T12:24:54 EDT" name="runScenario" description="Runs Cucumber Scenarios" data-provider="scenarios" finished-at="2024-05-24T12:25:47 EDT" duration-ms="53529" status="PASS">
          <params>
            <param index="0">
              <value>
                <![CDATA["validating treePage"]]>
              </value>
            </param>
            <param index="1">
              <value>
                <![CDATA["DSalgo treePage"]]>
              </value>
            </param>
          </params>
          <reporter-output>
          </reporter-output>
        </test-method> <!-- runScenario -->
        <test-method signature="runScenario(io.cucumber.testng.PickleWrapper,io.cucumber.testng.FeatureWrapper)[pri:0, instance:dsalgo_stepdefinition.TestRunner@4b14918a]" started-at="2024-05-24T12:24:55 EDT" name="runScenario" description="Runs Cucumber Scenarios" data-provider="scenarios" finished-at="2024-05-24T12:25:45 EDT" duration-ms="49452" status="PASS">
          <params>
            <param index="0">
              <value>
                <![CDATA["validating Overview of trees  Page"]]>
              </value>
            </param>
            <param index="1">
              <value>
                <![CDATA["DSalgo treePage"]]>
              </value>
            </param>
          </params>
          <reporter-output>
          </reporter-output>
        </test-method> <!-- runScenario -->
        <test-method signature="runScenario(io.cucumber.testng.PickleWrapper,io.cucumber.testng.FeatureWrapper)[pri:0, instance:dsalgo_stepdefinition.TestRunner@4b14918a]" started-at="2024-05-24T12:24:56 EDT" name="runScenario" description="Runs Cucumber Scenarios" data-provider="scenarios" finished-at="2024-05-24T12:25:44 EDT" duration-ms="48176" status="PASS">
          <params>
            <param index="0">
              <value>
                <![CDATA["validating Terminologies  Page"]]>
              </value>
            </param>
            <param index="1">
              <value>
                <![CDATA["DSalgo treePage"]]>
              </value>
            </param>
          </params>
          <reporter-output>
          </reporter-output>
        </test-method> <!-- runScenario -->
        <test-method signature="runScenario(io.cucumber.testng.PickleWrapper,io.cucumber.testng.FeatureWrapper)[pri:0, instance:dsalgo_stepdefinition.TestRunner@4b14918a]" started-at="2024-05-24T12:25:08 EDT" name="runScenario" description="Runs Cucumber Scenarios" data-provider="scenarios" finished-at="2024-05-24T12:25:51 EDT" duration-ms="42675" status="PASS">
          <params>
            <param index="0">
              <value>
                <![CDATA["validating Types of Trees Page"]]>
              </value>
            </param>
            <param index="1">
              <value>
                <![CDATA["DSalgo treePage"]]>
              </value>
            </param>
          </params>
          <reporter-output>
          </reporter-output>
        </test-method> <!-- runScenario -->
        <test-method signature="runScenario(io.cucumber.testng.PickleWrapper,io.cucumber.testng.FeatureWrapper)[pri:0, instance:dsalgo_stepdefinition.TestRunner@4b14918a]" started-at="2024-05-24T12:25:14 EDT" name="runScenario" description="Runs Cucumber Scenarios" data-provider="scenarios" finished-at="2024-05-24T12:26:00 EDT" duration-ms="46297" status="PASS">
          <params>
            <param index="0">
              <value>
                <![CDATA["validating Tree Traversals of trees  Page"]]>
              </value>
            </param>
            <param index="1">
              <value>
                <![CDATA["DSalgo treePage"]]>
              </value>
            </param>
          </params>
          <reporter-output>
          </reporter-output>
        </test-method> <!-- runScenario -->
        <test-method signature="runScenario(io.cucumber.testng.PickleWrapper,io.cucumber.testng.FeatureWrapper)[pri:0, instance:dsalgo_stepdefinition.TestRunner@4b14918a]" started-at="2024-05-24T12:25:15 EDT" name="runScenario" description="Runs Cucumber Scenarios" data-provider="scenarios" finished-at="2024-05-24T12:26:03 EDT" duration-ms="47909" status="PASS">
          <params>
            <param index="0">
              <value>
                <![CDATA["validating Traversals Illustrations  Page"]]>
              </value>
            </param>
            <param index="1">
              <value>
                <![CDATA["DSalgo treePage"]]>
              </value>
            </param>
          </params>
          <reporter-output>
          </reporter-output>
        </test-method> <!-- runScenario -->
        <test-method signature="runScenario(io.cucumber.testng.PickleWrapper,io.cucumber.testng.FeatureWrapper)[pri:0, instance:dsalgo_stepdefinition.TestRunner@4b14918a]" started-at="2024-05-24T12:25:19 EDT" name="runScenario" description="Runs Cucumber Scenarios" data-provider="scenarios" finished-at="2024-05-24T12:26:03 EDT" duration-ms="44920" status="PASS">
          <params>
            <param index="0">
              <value>
                <![CDATA["validating Binary Trees  Page"]]>
              </value>
            </param>
            <param index="1">
              <value>
                <![CDATA["DSalgo treePage"]]>
              </value>
            </param>
          </params>
          <reporter-output>
          </reporter-output>
        </test-method> <!-- runScenario -->
        <test-method signature="runScenario(io.cucumber.testng.PickleWrapper,io.cucumber.testng.FeatureWrapper)[pri:0, instance:dsalgo_stepdefinition.TestRunner@4b14918a]" started-at="2024-05-24T12:25:20 EDT" name="runScenario" description="Runs Cucumber Scenarios" data-provider="scenarios" finished-at="2024-05-24T12:26:00 EDT" duration-ms="39668" status="PASS">
          <params>
            <param index="0">
              <value>
                <![CDATA["validating Types of Binary Trees  Page"]]>
              </value>
            </param>
            <param index="1">
              <value>
                <![CDATA["DSalgo treePage"]]>
              </value>
            </param>
          </params>
          <reporter-output>
          </reporter-output>
        </test-method> <!-- runScenario -->
        <test-method signature="runScenario(io.cucumber.testng.PickleWrapper,io.cucumber.testng.FeatureWrapper)[pri:0, instance:dsalgo_stepdefinition.TestRunner@4b14918a]" started-at="2024-05-24T12:25:34 EDT" name="runScenario" description="Runs Cucumber Scenarios" data-provider="scenarios" finished-at="2024-05-24T12:26:08 EDT" duration-ms="33117" status="PASS">
          <params>
            <param index="0">
              <value>
                <![CDATA["validating Implementation in Python  Page"]]>
              </value>
            </param>
            <param index="1">
              <value>
                <![CDATA["DSalgo treePage"]]>
              </value>
            </param>
          </params>
          <reporter-output>
          </reporter-output>
        </test-method> <!-- runScenario -->
        <test-method signature="runScenario(io.cucumber.testng.PickleWrapper,io.cucumber.testng.FeatureWrapper)[pri:0, instance:dsalgo_stepdefinition.TestRunner@4b14918a]" started-at="2024-05-24T12:25:39 EDT" name="runScenario" description="Runs Cucumber Scenarios" data-provider="scenarios" finished-at="2024-05-24T12:26:12 EDT" duration-ms="33030" status="PASS">
          <params>
            <param index="0">
              <value>
                <![CDATA["validating Binary Tree Traversals  Page"]]>
              </value>
            </param>
            <param index="1">
              <value>
                <![CDATA["DSalgo treePage"]]>
              </value>
            </param>
          </params>
          <reporter-output>
          </reporter-output>
        </test-method> <!-- runScenario -->
        <test-method signature="runScenario(io.cucumber.testng.PickleWrapper,io.cucumber.testng.FeatureWrapper)[pri:0, instance:dsalgo_stepdefinition.TestRunner@4b14918a]" started-at="2024-05-24T12:25:44 EDT" name="runScenario" description="Runs Cucumber Scenarios" data-provider="scenarios" finished-at="2024-05-24T12:26:18 EDT" duration-ms="34331" status="PASS">
          <params>
            <param index="0">
              <value>
                <![CDATA["validating Implementation Of Binary Trees Page"]]>
              </value>
            </param>
            <param index="1">
              <value>
                <![CDATA["DSalgo treePage"]]>
              </value>
            </param>
          </params>
          <reporter-output>
          </reporter-output>
        </test-method> <!-- runScenario -->
        <test-method signature="runScenario(io.cucumber.testng.PickleWrapper,io.cucumber.testng.FeatureWrapper)[pri:0, instance:dsalgo_stepdefinition.TestRunner@4b14918a]" started-at="2024-05-24T12:25:45 EDT" name="runScenario" description="Runs Cucumber Scenarios" data-provider="scenarios" finished-at="2024-05-24T12:26:19 EDT" duration-ms="34397" status="PASS">
          <params>
            <param index="0">
              <value>
                <![CDATA["validating Application Of Binary trees  Page"]]>
              </value>
            </param>
            <param index="1">
              <value>
                <![CDATA["DSalgo treePage"]]>
              </value>
            </param>
          </params>
          <reporter-output>
          </reporter-output>
        </test-method> <!-- runScenario -->
        <test-method signature="runScenario(io.cucumber.testng.PickleWrapper,io.cucumber.testng.FeatureWrapper)[pri:0, instance:dsalgo_stepdefinition.TestRunner@4b14918a]" started-at="2024-05-24T12:25:47 EDT" name="runScenario" description="Runs Cucumber Scenarios" data-provider="scenarios" finished-at="2024-05-24T12:26:21 EDT" duration-ms="33903" status="PASS">
          <params>
            <param index="0">
              <value>
                <![CDATA["validating Binary Search Trees Page"]]>
              </value>
            </param>
            <param index="1">
              <value>
                <![CDATA["DSalgo treePage"]]>
              </value>
            </param>
          </params>
          <reporter-output>
          </reporter-output>
        </test-method> <!-- runScenario -->
        <test-method signature="runScenario(io.cucumber.testng.PickleWrapper,io.cucumber.testng.FeatureWrapper)[pri:0, instance:dsalgo_stepdefinition.TestRunner@4b14918a]" started-at="2024-05-24T12:25:51 EDT" name="runScenario" description="Runs Cucumber Scenarios" data-provider="scenarios" finished-at="2024-05-24T12:26:23 EDT" duration-ms="32328" status="PASS">
          <params>
            <param index="0">
              <value>
                <![CDATA["validating  Implementation of BTS Page"]]>
              </value>
            </param>
            <param index="1">
              <value>
                <![CDATA["DSalgo treePage"]]>
              </value>
            </param>
          </params>
          <reporter-output>
          </reporter-output>
        </test-method> <!-- runScenario -->
        <test-method signature="runScenario(io.cucumber.testng.PickleWrapper,io.cucumber.testng.FeatureWrapper)[pri:0, instance:dsalgo_stepdefinition.TestRunner@4b14918a]" started-at="2024-05-24T12:26:00 EDT" name="runScenario" description="Runs Cucumber Scenarios" data-provider="scenarios" finished-at="2024-05-24T12:26:31 EDT" duration-ms="30713" status="PASS">
          <params>
            <param index="0">
              <value>
                <![CDATA["validating PracticeQuestionPage"]]>
              </value>
            </param>
            <param index="1">
              <value>
                <![CDATA["DSalgo treePage"]]>
              </value>
            </param>
          </params>
          <reporter-output>
          </reporter-output>
        </test-method> <!-- runScenario -->
        <test-method signature="runScenario(io.cucumber.testng.PickleWrapper,io.cucumber.testng.FeatureWrapper)[pri:0, instance:dsalgo_stepdefinition.TestRunner@4b14918a]" started-at="2024-05-24T12:26:00 EDT" name="runScenario" description="Runs Cucumber Scenarios" data-provider="scenarios" finished-at="2024-05-24T12:26:30 EDT" duration-ms="29739" status="PASS">
          <params>
            <param index="0">
              <value>
                <![CDATA["The user is able to naviagte to Graph page"]]>
              </value>
            </param>
            <param index="1">
              <value>
                <![CDATA["User launch DSAlgo application and Test Queue page"]]>
              </value>
            </param>
          </params>
          <reporter-output>
          </reporter-output>
        </test-method> <!-- runScenario -->
        <test-method signature="runScenario(io.cucumber.testng.PickleWrapper,io.cucumber.testng.FeatureWrapper)[pri:0, instance:dsalgo_stepdefinition.TestRunner@4b14918a]" started-at="2024-05-24T12:26:03 EDT" name="runScenario" description="Runs Cucumber Scenarios" data-provider="scenarios" finished-at="2024-05-24T12:26:33 EDT" duration-ms="30055" status="PASS">
          <params>
            <param index="0">
              <value>
                <![CDATA["Navigating to Graph page and clicking the Try here button"]]>
              </value>
            </param>
            <param index="1">
              <value>
                <![CDATA["User launch DSAlgo application and Test Queue page"]]>
              </value>
            </param>
          </params>
          <reporter-output>
          </reporter-output>
        </test-method> <!-- runScenario -->
        <test-method signature="runScenario(io.cucumber.testng.PickleWrapper,io.cucumber.testng.FeatureWrapper)[pri:0, instance:dsalgo_stepdefinition.TestRunner@4b14918a]" started-at="2024-05-24T12:26:03 EDT" name="runScenario" description="Runs Cucumber Scenarios" data-provider="scenarios" finished-at="2024-05-24T12:26:36 EDT" duration-ms="32057" status="PASS">
          <params>
            <param index="0">
              <value>
                <![CDATA["The user is able to see the error message in pop up window with incorrect python code"]]>
              </value>
            </param>
            <param index="1">
              <value>
                <![CDATA["User launch DSAlgo application and Test Queue page"]]>
              </value>
            </param>
          </params>
          <reporter-output>
          </reporter-output>
        </test-method> <!-- runScenario -->
        <test-method signature="runScenario(io.cucumber.testng.PickleWrapper,io.cucumber.testng.FeatureWrapper)[pri:0, instance:dsalgo_stepdefinition.TestRunner@4b14918a]" started-at="2024-05-24T12:26:08 EDT" name="runScenario" description="Runs Cucumber Scenarios" data-provider="scenarios" finished-at="2024-05-24T12:26:39 EDT" duration-ms="31744" status="PASS">
          <params>
            <param index="0">
              <value>
                <![CDATA["The user is able to see the output in console with proper python code"]]>
              </value>
            </param>
            <param index="1">
              <value>
                <![CDATA["User launch DSAlgo application and Test Queue page"]]>
              </value>
            </param>
          </params>
          <reporter-output>
          </reporter-output>
        </test-method> <!-- runScenario -->
        <test-method signature="runScenario(io.cucumber.testng.PickleWrapper,io.cucumber.testng.FeatureWrapper)[pri:0, instance:dsalgo_stepdefinition.TestRunner@4b14918a]" started-at="2024-05-24T12:26:12 EDT" name="runScenario" description="Runs Cucumber Scenarios" data-provider="scenarios" finished-at="2024-05-24T12:26:41 EDT" duration-ms="29678" status="PASS">
          <params>
            <param index="0">
              <value>
                <![CDATA["Navigating to Graph Representations page and clicking the Try here button"]]>
              </value>
            </param>
            <param index="1">
              <value>
                <![CDATA["User launch DSAlgo application and Test Queue page"]]>
              </value>
            </param>
          </params>
          <reporter-output>
          </reporter-output>
        </test-method> <!-- runScenario -->
        <test-method signature="runScenario(io.cucumber.testng.PickleWrapper,io.cucumber.testng.FeatureWrapper)[pri:0, instance:dsalgo_stepdefinition.TestRunner@4b14918a]" started-at="2024-05-24T12:26:18 EDT" name="runScenario" description="Runs Cucumber Scenarios" data-provider="scenarios" finished-at="2024-05-24T12:26:50 EDT" duration-ms="31809" status="PASS">
          <params>
            <param index="0">
              <value>
                <![CDATA["The user is able to see the error message in pop up window with incorrect python code"]]>
              </value>
            </param>
            <param index="1">
              <value>
                <![CDATA["User launch DSAlgo application and Test Queue page"]]>
              </value>
            </param>
          </params>
          <reporter-output>
          </reporter-output>
        </test-method> <!-- runScenario -->
        <test-method signature="runScenario(io.cucumber.testng.PickleWrapper,io.cucumber.testng.FeatureWrapper)[pri:0, instance:dsalgo_stepdefinition.TestRunner@4b14918a]" started-at="2024-05-24T12:26:19 EDT" name="runScenario" description="Runs Cucumber Scenarios" data-provider="scenarios" finished-at="2024-05-24T12:26:51 EDT" duration-ms="31555" status="PASS">
          <params>
            <param index="0">
              <value>
                <![CDATA["The user is able to see the output in console with proper python code"]]>
              </value>
            </param>
            <param index="1">
              <value>
                <![CDATA["User launch DSAlgo application and Test Queue page"]]>
              </value>
            </param>
          </params>
          <reporter-output>
          </reporter-output>
        </test-method> <!-- runScenario -->
        <test-method signature="runScenario(io.cucumber.testng.PickleWrapper,io.cucumber.testng.FeatureWrapper)[pri:0, instance:dsalgo_stepdefinition.TestRunner@4b14918a]" started-at="2024-05-24T12:26:21 EDT" name="runScenario" description="Runs Cucumber Scenarios" data-provider="scenarios" finished-at="2024-05-24T12:26:50 EDT" duration-ms="29490" status="PASS">
          <params>
            <param index="0">
              <value>
                <![CDATA["The user is able to navigate to Practice Questions in Graph page"]]>
              </value>
            </param>
            <param index="1">
              <value>
                <![CDATA["User launch DSAlgo application and Test Queue page"]]>
              </value>
            </param>
          </params>
          <reporter-output>
          </reporter-output>
        </test-method> <!-- runScenario -->
        <test-method is-config="true" signature="tearDownClass()[pri:0, instance:dsalgo_stepdefinition.TestRunner@4b14918a]" started-at="2024-05-24T12:26:51 EDT" name="tearDownClass" finished-at="2024-05-24T12:26:52 EDT" duration-ms="1284" status="PASS">
          <reporter-output>
          </reporter-output>
        </test-method> <!-- tearDownClass -->
      </class> <!-- dsalgo_stepdefinition.TestRunner -->
    </test> <!-- Default test -->
  </suite> <!-- Default suite -->
</testng-results>
