<?xml version="1.0" encoding="UTF-8"?>
<!-- Generated by org.testng.reporters.JUnitReportReporter -->
<testsuite hostname="SenthilKumar" failures="0" tests="14" name="dsalgo_stepdefinition.TestRunner" time="33.609" errors="1" timestamp="2024-05-12T01:19:26 EDT" skipped="0">
  <testcase classname="dsalgo_stepdefinition.TestRunner" name="runScenario" time="3.705"/>
  <testcase classname="dsalgo_stepdefinition.TestRunner" name="runScenario" time="2.546"/>
  <testcase classname="dsalgo_stepdefinition.TestRunner" name="runScenario" time="11.308"/>
  <testcase classname="dsalgo_stepdefinition.TestRunner" name="runScenario" time="2.462"/>
  <testcase classname="dsalgo_stepdefinition.TestRunner" name="runScenario" time="0.364"/>
  <testcase classname="dsalgo_stepdefinition.TestRunner" name="runScenario" time="0.562"/>
  <testcase classname="dsalgo_stepdefinition.TestRunner" name="runScenario" time="3.455"/>
  <testcase classname="dsalgo_stepdefinition.TestRunner" name="runScenario" time="0.303">
    <error message="Cannot invoke &quot;org.apache.poi.xssf.usermodel.XSSFSheet.rowIterator()&quot; because &quot;sheet&quot; is null" type="java.lang.NullPointerException">
      <![CDATA[java.lang.NullPointerException: Cannot invoke "org.apache.poi.xssf.usermodel.XSSFSheet.rowIterator()" because "sheet" is null
at dsalgo_utilities.ExcelReader.readExcelSheetForPracticeLinks(ExcelReader.java:94)
at dsalgoPOM.ArrayPage.validatepracticeQuestionLinks(ArrayPage.java:176)
at dsalgo_stepdefinition.DSalgoArrayPage.the_user_verify_the_links(DSalgoArrayPage.java:134)
at ✽.The user verify the links practiceQuestions(file:///C:/Users/senth/AutomationRepo/Ds-Algo/src/test/resources/features/ABS06_DSalgoArraypage.feature:64)
]]>
    </error>
  </testcase> <!-- runScenario -->
  <testcase classname="dsalgo_stepdefinition.TestRunner" name="runScenario" time="0.748"/>
  <testcase classname="dsalgo_stepdefinition.TestRunner" name="runScenario" time="1.530"/>
  <testcase classname="dsalgo_stepdefinition.TestRunner" name="runScenario" time="0.282"/>
  <testcase classname="dsalgo_stepdefinition.TestRunner" name="runScenario" time="1.551"/>
  <testcase classname="dsalgo_stepdefinition.TestRunner" name="runScenario" time="2.329"/>
  <testcase classname="dsalgo_stepdefinition.TestRunner" name="runScenario" time="2.464"/>
</testsuite> <!-- dsalgo_stepdefinition.TestRunner -->
