<?xml version="1.0" encoding="UTF-8"?>
<!-- Generated by org.testng.reporters.JUnitReportReporter -->
<testsuite hostname="DESKTOP-K7RU2M4" failures="0" tests="54" name="dsalgo_stepdefinition.TestRunner" time="93.100" errors="1" timestamp="2024-05-11T23:55:33 EDT" skipped="0">
  <testcase classname="dsalgo_stepdefinition.TestRunner" name="runScenario" time="1.575"/>
  <testcase classname="dsalgo_stepdefinition.TestRunner" name="runScenario" time="2.359"/>
  <testcase classname="dsalgo_stepdefinition.TestRunner" name="runScenario" time="1.552"/>
  <testcase classname="dsalgo_stepdefinition.TestRunner" name="runScenario" time="1.422"/>
  <testcase classname="dsalgo_stepdefinition.TestRunner" name="runScenario" time="0.366"/>
  <testcase classname="dsalgo_stepdefinition.TestRunner" name="runScenario" time="2.790"/>
  <testcase classname="dsalgo_stepdefinition.TestRunner" name="runScenario" time="1.391"/>
  <testcase classname="dsalgo_stepdefinition.TestRunner" name="runScenario" time="6.408"/>
  <testcase classname="dsalgo_stepdefinition.TestRunner" name="runScenario" time="0.622"/>
  <testcase classname="dsalgo_stepdefinition.TestRunner" name="runScenario" time="0.311"/>
  <testcase classname="dsalgo_stepdefinition.TestRunner" name="runScenario" time="1.928"/>
  <testcase classname="dsalgo_stepdefinition.TestRunner" name="runScenario" time="0.463"/>
  <testcase classname="dsalgo_stepdefinition.TestRunner" name="runScenario" time="1.546"/>
  <testcase classname="dsalgo_stepdefinition.TestRunner" name="runScenario" time="0.188"/>
  <testcase classname="dsalgo_stepdefinition.TestRunner" name="runScenario" time="1.398"/>
  <testcase classname="dsalgo_stepdefinition.TestRunner" name="runScenario" time="1.421"/>
  <testcase classname="dsalgo_stepdefinition.TestRunner" name="runScenario" time="0.369"/>
  <testcase classname="dsalgo_stepdefinition.TestRunner" name="runScenario" time="1.553"/>
  <testcase classname="dsalgo_stepdefinition.TestRunner" name="runScenario" time="11.514"/>
  <testcase classname="dsalgo_stepdefinition.TestRunner" name="runScenario" time="0.303"/>
  <testcase classname="dsalgo_stepdefinition.TestRunner" name="runScenario" time="11.492"/>
  <testcase classname="dsalgo_stepdefinition.TestRunner" name="runScenario" time="0.268">
    <error message="Cannot invoke &quot;org.apache.poi.xssf.usermodel.XSSFSheet.rowIterator()&quot; because &quot;sheet&quot; is null" type="java.lang.NullPointerException">
      <![CDATA[java.lang.NullPointerException: Cannot invoke "org.apache.poi.xssf.usermodel.XSSFSheet.rowIterator()" because "sheet" is null
at dsalgo_utilities.ExcelReader.readExcelSheetForPracticeLinks(ExcelReader.java:94)
at dsalgoPOM.ArrayPage.validatepracticeQuestionLinks(ArrayPage.java:176)
at dsalgo_stepdefinition.DSalgoArrayPage.the_user_verify_the_links(DSalgoArrayPage.java:135)
at ✽.The user verify the links practiceQuestions(file:///C:/Users/sushm/eclipse-workspace/Ds-Algo-Git/ABS-Challengers/Ds-Algo/src/test/resources/features/ABS06_DSalgoArraypage.feature:64)
]]>
    </error>
  </testcase> <!-- runScenario -->
  <testcase classname="dsalgo_stepdefinition.TestRunner" name="runScenario" time="1.530"/>
  <testcase classname="dsalgo_stepdefinition.TestRunner" name="runScenario" time="0.298"/>
  <testcase classname="dsalgo_stepdefinition.TestRunner" name="runScenario" time="0.205"/>
  <testcase classname="dsalgo_stepdefinition.TestRunner" name="runScenario" time="0.761"/>
  <testcase classname="dsalgo_stepdefinition.TestRunner" name="runScenario" time="0.295"/>
  <testcase classname="dsalgo_stepdefinition.TestRunner" name="runScenario" time="1.576"/>
  <testcase classname="dsalgo_stepdefinition.TestRunner" name="runScenario" time="0.200"/>
  <testcase classname="dsalgo_stepdefinition.TestRunner" name="runScenario" time="0.307"/>
  <testcase classname="dsalgo_stepdefinition.TestRunner" name="runScenario" time="1.553"/>
  <testcase classname="dsalgo_stepdefinition.TestRunner" name="runScenario" time="0.317"/>
  <testcase classname="dsalgo_stepdefinition.TestRunner" name="runScenario" time="1.428"/>
  <testcase classname="dsalgo_stepdefinition.TestRunner" name="runScenario" time="0.218"/>
  <testcase classname="dsalgo_stepdefinition.TestRunner" name="runScenario" time="0.551"/>
  <testcase classname="dsalgo_stepdefinition.TestRunner" name="runScenario" time="2.485"/>
  <testcase classname="dsalgo_stepdefinition.TestRunner" name="runScenario" time="0.475"/>
  <testcase classname="dsalgo_stepdefinition.TestRunner" name="runScenario" time="2.780"/>
  <testcase classname="dsalgo_stepdefinition.TestRunner" name="runScenario" time="0.420"/>
  <testcase classname="dsalgo_stepdefinition.TestRunner" name="runScenario" time="0.479"/>
  <testcase classname="dsalgo_stepdefinition.TestRunner" name="runScenario" time="2.198"/>
  <testcase classname="dsalgo_stepdefinition.TestRunner" name="runScenario" time="1.384"/>
  <testcase classname="dsalgo_stepdefinition.TestRunner" name="runScenario" time="2.516"/>
  <testcase classname="dsalgo_stepdefinition.TestRunner" name="runScenario" time="0.235"/>
  <testcase classname="dsalgo_stepdefinition.TestRunner" name="runScenario" time="1.604"/>
  <testcase classname="dsalgo_stepdefinition.TestRunner" name="runScenario" time="1.386"/>
  <testcase classname="dsalgo_stepdefinition.TestRunner" name="runScenario" time="0.889"/>
  <testcase classname="dsalgo_stepdefinition.TestRunner" name="runScenario" time="3.538"/>
  <testcase classname="dsalgo_stepdefinition.TestRunner" name="runScenario" time="1.548"/>
  <testcase classname="dsalgo_stepdefinition.TestRunner" name="runScenario" time="3.054"/>
  <testcase classname="dsalgo_stepdefinition.TestRunner" name="runScenario" time="6.361"/>
  <testcase classname="dsalgo_stepdefinition.TestRunner" name="runScenario" time="0.437"/>
  <testcase classname="dsalgo_stepdefinition.TestRunner" name="runScenario" time="0.400"/>
  <testcase classname="dsalgo_stepdefinition.TestRunner" name="runScenario" time="0.433"/>
</testsuite> <!-- dsalgo_stepdefinition.TestRunner -->
